Using pre-set license
Built from '2021.3/staging' branch; Version is '2021.3.0f1 (6eacc8284459) revision 7253192'; Using compiler version '192829333'; Build Type 'Release'
OS: 'Windows 11  (10.0.22000) 64bit CoreSingleLanguage' Language: 'en' Physical Memory: 16234 MB
BatchMode: 1, IsHumanControllingUs: 0, StartBugReporterOnCrash: 0, Is64bit: 1, IsPro: 1

COMMAND LINE ARGUMENTS:
D:\Unity Hub\Editor\2021.3.0f1\Editor\Unity.exe
-adb2
-batchMode
-noUpm
-name
AssetImportWorker3
-projectPath
E:/GameDev/Final Project Game Clone/Finals
-logFile
Logs/AssetImportWorker3.log
-srvPort
54065
Successfully changed project path to: E:/GameDev/Final Project Game Clone/Finals
E:/GameDev/Final Project Game Clone/Finals
[UnityMemory] Configuration Parameters - Can be set up in boot.config
    "memorysetup-bucket-allocator-granularity=16"
    "memorysetup-bucket-allocator-bucket-count=8"
    "memorysetup-bucket-allocator-block-size=33554432"
    "memorysetup-bucket-allocator-block-count=8"
    "memorysetup-main-allocator-block-size=16777216"
    "memorysetup-thread-allocator-block-size=16777216"
    "memorysetup-gfx-main-allocator-block-size=16777216"
    "memorysetup-gfx-thread-allocator-block-size=16777216"
    "memorysetup-cache-allocator-block-size=4194304"
    "memorysetup-typetree-allocator-block-size=2097152"
    "memorysetup-profiler-bucket-allocator-granularity=16"
    "memorysetup-profiler-bucket-allocator-bucket-count=8"
    "memorysetup-profiler-bucket-allocator-block-size=33554432"
    "memorysetup-profiler-bucket-allocator-block-count=8"
    "memorysetup-profiler-allocator-block-size=16777216"
    "memorysetup-profiler-editor-allocator-block-size=1048576"
    "memorysetup-temp-allocator-size-main=16777216"
    "memorysetup-job-temp-allocator-block-size=2097152"
    "memorysetup-job-temp-allocator-block-size-background=1048576"
    "memorysetup-job-temp-allocator-reduction-small-platforms=262144"
    "memorysetup-temp-allocator-size-background-worker=32768"
    "memorysetup-temp-allocator-size-job-worker=262144"
    "memorysetup-temp-allocator-size-preload-manager=33554432"
    "memorysetup-temp-allocator-size-nav-mesh-worker=65536"
    "memorysetup-temp-allocator-size-audio-worker=65536"
    "memorysetup-temp-allocator-size-cloud-worker=32768"
    "memorysetup-temp-allocator-size-gi-baking-worker=262144"
    "memorysetup-temp-allocator-size-gfx=262144"
Refreshing native plugins compatible for Editor in 40.04 ms, found 2 plugins.
Preloading 0 native plugins for Editor in 0.00 ms.
Initialize engine version: 2021.3.0f1 (6eacc8284459)
[Subsystems] Discovering subsystems at path D:/Unity Hub/Editor/2021.3.0f1/Editor/Data/Resources/UnitySubsystems
[Subsystems] Discovering subsystems at path E:/GameDev/Final Project Game Clone/Finals/Assets
GfxDevice: creating device client; threaded=0; jobified=0
Direct3D:
    Version:  Direct3D 11.0 [level 11.1]
    Renderer: NVIDIA GeForce GTX 1050 (ID=0x1c8d)
    Vendor:   NVIDIA
    VRAM:     4019 MB
    Driver:   30.0.15.1215
Initialize mono
Mono path[0] = 'D:/Unity Hub/Editor/2021.3.0f1/Editor/Data/Managed'
Mono path[1] = 'D:/Unity Hub/Editor/2021.3.0f1/Editor/Data/MonoBleedingEdge/lib/mono/unityjit-win32'
Mono config path = 'D:/Unity Hub/Editor/2021.3.0f1/Editor/Data/MonoBleedingEdge/etc'
Using monoOptions --debugger-agent=transport=dt_socket,embedding=1,server=y,suspend=n,address=127.0.0.1:56544
Begin MonoManager ReloadAssembly
Registering precompiled unity dll's ...
Register platform support module: D:/Unity Hub/Editor/2021.3.0f1/Editor/Data/PlaybackEngines/WebGLSupport/UnityEditor.WebGL.Extensions.dll
Register platform support module: D:/Unity Hub/Editor/2021.3.0f1/Editor/Data/PlaybackEngines/WindowsStandaloneSupport/UnityEditor.WindowsStandalone.Extensions.dll
Registered in 0.003317 seconds.
Native extension for WindowsStandalone target not found
Native extension for WebGL target not found
Refreshing native plugins compatible for Editor in 36.10 ms, found 2 plugins.
Preloading 0 native plugins for Editor in 0.00 ms.
Mono: successfully reloaded assembly
- Completed reload, in  0.713 seconds
Domain Reload Profiling:
	ReloadAssembly (714ms)
		BeginReloadAssembly (87ms)
			ExecutionOrderSort (0ms)
			DisableScriptedObjects (0ms)
			BackupInstance (0ms)
			ReleaseScriptingObjects (0ms)
			CreateAndSetChildDomain (1ms)
		EndReloadAssembly (488ms)
			LoadAssemblies (86ms)
			RebuildTransferFunctionScriptingTraits (0ms)
			SetupTypeCache (132ms)
			ReleaseScriptCaches (0ms)
			RebuildScriptCaches (38ms)
			SetupLoadedEditorAssemblies (261ms)
				LogAssemblyErrors (0ms)
				InitializePlatformSupportModulesInManaged (9ms)
				SetLoadedEditorAssemblies (7ms)
				RefreshPlugins (36ms)
				BeforeProcessingInitializeOnLoad (2ms)
				ProcessInitializeOnLoadAttributes (149ms)
				ProcessInitializeOnLoadMethodAttributes (59ms)
				AfterProcessingInitializeOnLoad (0ms)
				EditorAssembliesLoaded (0ms)
			ExecutionOrderSort2 (0ms)
			AwakeInstancesAfterBackupRestoration (0ms)
Platform modules already initialized, skipping
Registering precompiled user dll's ...
Registered in 0.001593 seconds.
Begin MonoManager ReloadAssembly
Symbol file LoadedFromMemory is not a mono symbol file
Native extension for WindowsStandalone target not found
Native extension for WebGL target not found
Refreshing native plugins compatible for Editor in 0.43 ms, found 2 plugins.
Preloading 0 native plugins for Editor in 0.00 ms.
Mono: successfully reloaded assembly
- Completed reload, in  1.002 seconds
Domain Reload Profiling:
	ReloadAssembly (1003ms)
		BeginReloadAssembly (131ms)
			ExecutionOrderSort (0ms)
			DisableScriptedObjects (7ms)
			BackupInstance (0ms)
			ReleaseScriptingObjects (0ms)
			CreateAndSetChildDomain (22ms)
		EndReloadAssembly (743ms)
			LoadAssemblies (92ms)
			RebuildTransferFunctionScriptingTraits (0ms)
			SetupTypeCache (209ms)
			ReleaseScriptCaches (1ms)
			RebuildScriptCaches (54ms)
			SetupLoadedEditorAssemblies (344ms)
				LogAssemblyErrors (0ms)
				InitializePlatformSupportModulesInManaged (6ms)
				SetLoadedEditorAssemblies (1ms)
				RefreshPlugins (1ms)
				BeforeProcessingInitializeOnLoad (68ms)
				ProcessInitializeOnLoadAttributes (237ms)
				ProcessInitializeOnLoadMethodAttributes (30ms)
				AfterProcessingInitializeOnLoad (2ms)
				EditorAssembliesLoaded (0ms)
			ExecutionOrderSort2 (0ms)
			AwakeInstancesAfterBackupRestoration (10ms)
Platform modules already initialized, skipping
========================================================================
Worker process is ready to serve import requests
Launched and connected shader compiler UnityShaderCompiler.exe after 0.09 seconds
Refreshing native plugins compatible for Editor in 0.44 ms, found 2 plugins.
Preloading 0 native plugins for Editor in 0.00 ms.
Unloading 1580 Unused Serialized files (Serialized files now loaded: 0)
Unloading 16 unused Assets / (55.9 KB). Loaded Objects now: 2048.
Memory consumption went from 71.6 MB to 71.6 MB.
Total: 3.044500 ms (FindLiveObjects: 0.167700 ms CreateObjectMapping: 0.106400 ms MarkObjects: 2.687500 ms  DeleteObjects: 0.081900 ms)

AssetImportParameters requested are different than current active one (requested -> active):
  custom:video-decoder-ogg-theora: a1e56fd34408186e4bbccfd4996cb3dc -> 
  custom:container-muxer-webm: aa71ff27fc2769a1b78a27578f13a17b -> 
  custom:container-demuxer-webm: 4f35f7cbe854078d1ac9338744f61a02 -> 
  custom:video-encoder-webm-vp8: eb34c28f22e8b96e1ab97ce403110664 -> 
  custom:video-codec-MediaFoundation-h265: 746d11721c4dcdbdad8f713fa42b33f4 -> 
  custom:audio-encoder-webm-vorbis: bf7c407c2cedff20999df2af8eb42d56 -> 
  custom:framework-win-MediaFoundation: 216162199b28c13a410421893ffa2e32 -> 
  custom:container-demuxer-ogg: 62fdf1f143b41e24485cea50d1cbac27 -> 
  custom:video-decoder-webm-vp8: 9c59270c3fd7afecdb556c50c9e8de78 -> 
  custom:audio-decoder-ogg-vorbis: bf7c407c2cedff20999df2af8eb42d56 -> 
========================================================================
Received Import Request.
  Time since last request: 24059.193550 seconds.
  path: Assets/Sprites/Medieval_pixel_art_asset_FREE/Tiles_free/Medieval_tiles_free2_3.asset
  artifactKey: Guid(a22c97a39c65b374dbccd029d4df9a21) Importer(815301076,1909f56bfc062723c751e8b465ee728b)
Start importing Assets/Sprites/Medieval_pixel_art_asset_FREE/Tiles_free/Medieval_tiles_free2_3.asset using Guid(a22c97a39c65b374dbccd029d4df9a21) Importer(815301076,1909f56bfc062723c751e8b465ee728b)  -> (artifact id: 'd2614aab251fcbc0d2d9c5ee7bb54488') in 0.160039 seconds 
========================================================================
Received Import Request.
  Time since last request: 0.000043 seconds.
  path: Assets/Sprites/Medieval_pixel_art_asset_FREE/Tiles_free/Medieval_tiles_free2_41.asset
  artifactKey: Guid(fb9912924f933524d95c2a67110c04de) Importer(815301076,1909f56bfc062723c751e8b465ee728b)
Start importing Assets/Sprites/Medieval_pixel_art_asset_FREE/Tiles_free/Medieval_tiles_free2_41.asset using Guid(fb9912924f933524d95c2a67110c04de) Importer(815301076,1909f56bfc062723c751e8b465ee728b)  -> (artifact id: 'bb341ed00c317c7221a52c042973f124') in 0.011272 seconds 
========================================================================
Received Import Request.
  Time since last request: 0.000029 seconds.
  path: Assets/Sprites/Medieval_pixel_art_asset_FREE/Tiles_free/Medieval_tiles_free2_35.asset
  artifactKey: Guid(75ac9449cb30b084f837aa903efca74b) Importer(815301076,1909f56bfc062723c751e8b465ee728b)
Start importing Assets/Sprites/Medieval_pixel_art_asset_FREE/Tiles_free/Medieval_tiles_free2_35.asset using Guid(75ac9449cb30b084f837aa903efca74b) Importer(815301076,1909f56bfc062723c751e8b465ee728b)  -> (artifact id: '650e610d3340d0cafab98e744404c8c4') in 0.023773 seconds 
========================================================================
Received Import Request.
  Time since last request: 0.000055 seconds.
  path: Assets/Sprites/Medieval_pixel_art_asset_FREE/Tiles_free/Medieval_tiles_free2_48.asset
  artifactKey: Guid(7f36776e1b185bd479fe5d20e2e23995) Importer(815301076,1909f56bfc062723c751e8b465ee728b)
Start importing Assets/Sprites/Medieval_pixel_art_asset_FREE/Tiles_free/Medieval_tiles_free2_48.asset using Guid(7f36776e1b185bd479fe5d20e2e23995) Importer(815301076,1909f56bfc062723c751e8b465ee728b)  -> (artifact id: '88465e298c7e4764ec0313216811cfcf') in 0.010688 seconds 
========================================================================
Received Import Request.
  Time since last request: 0.000026 seconds.
  path: Assets/Sprites/Medieval_pixel_art_asset_FREE/Tiles_free/Medieval_tiles_free2_51.asset
  artifactKey: Guid(4f7b4c99fffee0a40876fadafdf9fcec) Importer(815301076,1909f56bfc062723c751e8b465ee728b)
Start importing Assets/Sprites/Medieval_pixel_art_asset_FREE/Tiles_free/Medieval_tiles_free2_51.asset using Guid(4f7b4c99fffee0a40876fadafdf9fcec) Importer(815301076,1909f56bfc062723c751e8b465ee728b)  -> (artifact id: 'af853adca34f12eb053bcac73dbdf061') in 0.020588 seconds 
========================================================================
Received Import Request.
  Time since last request: 0.000024 seconds.
  path: Assets/Sprites/Medieval_pixel_art_asset_FREE/Tiles_free/Medieval_tiles_free2_31.asset
  artifactKey: Guid(384bd6f8a294d504db2f6dcd946cfc84) Importer(815301076,1909f56bfc062723c751e8b465ee728b)
Start importing Assets/Sprites/Medieval_pixel_art_asset_FREE/Tiles_free/Medieval_tiles_free2_31.asset using Guid(384bd6f8a294d504db2f6dcd946cfc84) Importer(815301076,1909f56bfc062723c751e8b465ee728b)  -> (artifact id: '0f0d4b7b3ef6b81cbb2aeadee653fe78') in 0.015707 seconds 
========================================================================
Received Import Request.
  Time since last request: 0.000022 seconds.
  path: Assets/Sprites/Medieval_pixel_art_asset_FREE/Tiles_free/Medieval_tiles_free2_6.asset
  artifactKey: Guid(c6036000667b5934d818717a2318de69) Importer(815301076,1909f56bfc062723c751e8b465ee728b)
Start importing Assets/Sprites/Medieval_pixel_art_asset_FREE/Tiles_free/Medieval_tiles_free2_6.asset using Guid(c6036000667b5934d818717a2318de69) Importer(815301076,1909f56bfc062723c751e8b465ee728b)  -> (artifact id: 'f503ca4ea0d226c644d96ec797c5959c') in 0.027965 seconds 
========================================================================
Received Import Request.
  Time since last request: 0.000024 seconds.
  path: Assets/Sprites/Medieval_pixel_art_asset_FREE/Tiles_free/Medieval_tiles_free2_13.asset
  artifactKey: Guid(6ac5fee16c2e8da4d91c8ad5aab85514) Importer(815301076,1909f56bfc062723c751e8b465ee728b)
Start importing Assets/Sprites/Medieval_pixel_art_asset_FREE/Tiles_free/Medieval_tiles_free2_13.asset using Guid(6ac5fee16c2e8da4d91c8ad5aab85514) Importer(815301076,1909f56bfc062723c751e8b465ee728b)  -> (artifact id: 'b94bc64893fb144eab971701d39709e7') in 0.025174 seconds 
========================================================================
Received Import Request.
  Time since last request: 0.000022 seconds.
  path: Assets/Sprites/Medieval_pixel_art_asset_FREE/Tiles_free/Medieval_tiles_free2_44.asset
  artifactKey: Guid(954409f4ba53fb24a9eb9592050da5b5) Importer(815301076,1909f56bfc062723c751e8b465ee728b)
Start importing Assets/Sprites/Medieval_pixel_art_asset_FREE/Tiles_free/Medieval_tiles_free2_44.asset using Guid(954409f4ba53fb24a9eb9592050da5b5) Importer(815301076,1909f56bfc062723c751e8b465ee728b)  -> (artifact id: '55999a7fe2b0b88a361a1f9139b5869a') in 0.024574 seconds 
========================================================================
Received Import Request.
  Time since last request: 0.000193 seconds.
  path: Assets/Sprites/Medieval_pixel_art_asset_FREE/Tiles_free/Medieval_tiles_free2_25.asset
  artifactKey: Guid(45b87adb5b36d1a419ec58982723b566) Importer(815301076,1909f56bfc062723c751e8b465ee728b)
Start importing Assets/Sprites/Medieval_pixel_art_asset_FREE/Tiles_free/Medieval_tiles_free2_25.asset using Guid(45b87adb5b36d1a419ec58982723b566) Importer(815301076,1909f56bfc062723c751e8b465ee728b)  -> (artifact id: '0254221457dd9c58d5532decc3613a81') in 0.011260 seconds 
========================================================================
Received Import Request.
  Time since last request: 0.000021 seconds.
  path: Assets/Sprites/Medieval_pixel_art_asset_FREE/Tiles_free/Medieval_tiles_free2_20.asset
  artifactKey: Guid(a62abee5790bdde47aab392a0a9a4b34) Importer(815301076,1909f56bfc062723c751e8b465ee728b)
Start importing Assets/Sprites/Medieval_pixel_art_asset_FREE/Tiles_free/Medieval_tiles_free2_20.asset using Guid(a62abee5790bdde47aab392a0a9a4b34) Importer(815301076,1909f56bfc062723c751e8b465ee728b)  -> (artifact id: 'f402adf06d130a60a6908c370425ba49') in 0.020251 seconds 
========================================================================
Received Import Request.
  Time since last request: 0.568559 seconds.
  path: Assets/Sprites/Medieval_pixel_art_asset_FREE/Tiles_free/Medieval_tiles_free2_56.asset
  artifactKey: Guid(8b5fd3f4903507840b77e6878986a4f7) Importer(815301076,1909f56bfc062723c751e8b465ee728b)
Start importing Assets/Sprites/Medieval_pixel_art_asset_FREE/Tiles_free/Medieval_tiles_free2_56.asset using Guid(8b5fd3f4903507840b77e6878986a4f7) Importer(815301076,1909f56bfc062723c751e8b465ee728b)  -> (artifact id: 'd3b5d43b9fe9388c491cad0d67957ad9') in 0.021953 seconds 
========================================================================
Received Import Request.
  Time since last request: 0.000024 seconds.
  path: Assets/Sprites/Medieval_pixel_art_asset_FREE/Tiles_free/Medieval_tiles_free2_65.asset
  artifactKey: Guid(1bc8d63dc35d75e4d89c90a5c9be0097) Importer(815301076,1909f56bfc062723c751e8b465ee728b)
Start importing Assets/Sprites/Medieval_pixel_art_asset_FREE/Tiles_free/Medieval_tiles_free2_65.asset using Guid(1bc8d63dc35d75e4d89c90a5c9be0097) Importer(815301076,1909f56bfc062723c751e8b465ee728b)  -> (artifact id: '1be55e5beef17c1df2a3e61a9460ecfe') in 0.007895 seconds 
========================================================================
Received Import Request.
  Time since last request: 0.000043 seconds.
  path: Assets/Sprites/Medieval_pixel_art_asset_FREE/Tiles_free/Medieval_tiles_free2_63.asset
  artifactKey: Guid(9a8aaef3a28be2649baf921162d62da1) Importer(815301076,1909f56bfc062723c751e8b465ee728b)
Start importing Assets/Sprites/Medieval_pixel_art_asset_FREE/Tiles_free/Medieval_tiles_free2_63.asset using Guid(9a8aaef3a28be2649baf921162d62da1) Importer(815301076,1909f56bfc062723c751e8b465ee728b)  -> (artifact id: '16a8acfa9a2f9f2676a845368490b8d4') in 0.007954 seconds 
========================================================================
Received Import Request.
  Time since last request: 0.017202 seconds.
  path: Assets/Sprites/Medieval_pixel_art_asset_FREE/Tiles_free/Medieval_tiles_free2_69.asset
  artifactKey: Guid(c9d09ad4fafe1d440aea84178b5a39a5) Importer(815301076,1909f56bfc062723c751e8b465ee728b)
Start importing Assets/Sprites/Medieval_pixel_art_asset_FREE/Tiles_free/Medieval_tiles_free2_69.asset using Guid(c9d09ad4fafe1d440aea84178b5a39a5) Importer(815301076,1909f56bfc062723c751e8b465ee728b)  -> (artifact id: 'b87cd7198be5e5e76ab0564a682c420d') in 0.018022 seconds 
========================================================================
Received Import Request.
  Time since last request: 0.000025 seconds.
  path: Assets/Sprites/Medieval_pixel_art_asset_FREE/Tiles_free/Medieval_tiles_free2_71.asset
  artifactKey: Guid(6f7bf8ecc85caa640989089f95e2ec2d) Importer(815301076,1909f56bfc062723c751e8b465ee728b)
Start importing Assets/Sprites/Medieval_pixel_art_asset_FREE/Tiles_free/Medieval_tiles_free2_71.asset using Guid(6f7bf8ecc85caa640989089f95e2ec2d) Importer(815301076,1909f56bfc062723c751e8b465ee728b)  -> (artifact id: 'd079f9356d14ddcb978e64e7641448c2') in 0.007606 seconds 
========================================================================
Received Import Request.
  Time since last request: 0.000022 seconds.
  path: Assets/Sprites/Medieval_pixel_art_asset_FREE/Tiles_free/Medieval_tiles_free2_80.asset
  artifactKey: Guid(c20cd87475a4d694886b0e12e6045ce3) Importer(815301076,1909f56bfc062723c751e8b465ee728b)
Start importing Assets/Sprites/Medieval_pixel_art_asset_FREE/Tiles_free/Medieval_tiles_free2_80.asset using Guid(c20cd87475a4d694886b0e12e6045ce3) Importer(815301076,1909f56bfc062723c751e8b465ee728b)  -> (artifact id: '753ec0754edc19cc9b788257ebc23393') in 0.022522 seconds 
========================================================================
Received Import Request.
  Time since last request: 0.000021 seconds.
  path: Assets/Sprites/Medieval_pixel_art_asset_FREE/Tiles_free/Medieval_tiles_free2_76.asset
  artifactKey: Guid(72b9cb5cd142d4a4d805d5dc30c476c5) Importer(815301076,1909f56bfc062723c751e8b465ee728b)
Start importing Assets/Sprites/Medieval_pixel_art_asset_FREE/Tiles_free/Medieval_tiles_free2_76.asset using Guid(72b9cb5cd142d4a4d805d5dc30c476c5) Importer(815301076,1909f56bfc062723c751e8b465ee728b)  -> (artifact id: '15c49441d64f6e67965a03f85def0ec2') in 0.011085 seconds 
========================================================================
Received Import Request.
  Time since last request: 0.000025 seconds.
  path: Assets/Sprites/Medieval_pixel_art_asset_FREE/Tiles_free/Medieval_tiles_free2_82.asset
  artifactKey: Guid(1b51ee068d69a214386bdfe76ede6b26) Importer(815301076,1909f56bfc062723c751e8b465ee728b)
Start importing Assets/Sprites/Medieval_pixel_art_asset_FREE/Tiles_free/Medieval_tiles_free2_82.asset using Guid(1b51ee068d69a214386bdfe76ede6b26) Importer(815301076,1909f56bfc062723c751e8b465ee728b)  -> (artifact id: '1338b8263034295f60d2410673d296fd') in 0.013066 seconds 
========================================================================
Received Import Request.
  Time since last request: 0.000023 seconds.
  path: Assets/Sprites/Medieval_pixel_art_asset_FREE/Tiles_free/Medieval_tiles_free2_90.asset
  artifactKey: Guid(255eae3bf797af24bb0ed0670ff4d797) Importer(815301076,1909f56bfc062723c751e8b465ee728b)
Start importing Assets/Sprites/Medieval_pixel_art_asset_FREE/Tiles_free/Medieval_tiles_free2_90.asset using Guid(255eae3bf797af24bb0ed0670ff4d797) Importer(815301076,1909f56bfc062723c751e8b465ee728b)  -> (artifact id: '40d54acc793b03d9814d86f690afe928') in 0.016503 seconds 
========================================================================
Received Import Request.
  Time since last request: 0.000059 seconds.
  path: Assets/Sprites/Medieval_pixel_art_asset_FREE/Tiles_free/Medieval_tiles_free2_99.asset
  artifactKey: Guid(c04fa706db18f354e973f5bf23f16f89) Importer(815301076,1909f56bfc062723c751e8b465ee728b)
Start importing Assets/Sprites/Medieval_pixel_art_asset_FREE/Tiles_free/Medieval_tiles_free2_99.asset using Guid(c04fa706db18f354e973f5bf23f16f89) Importer(815301076,1909f56bfc062723c751e8b465ee728b)  -> (artifact id: 'c6f7cbe7ffaf5977e2587eea37edfe2c') in 0.012174 seconds 
========================================================================
Received Import Request.
  Time since last request: 0.000163 seconds.
  path: Assets/Sprites/Medieval_pixel_art_asset_FREE/Tiles_free/Medieval_tiles_free2_83.asset
  artifactKey: Guid(c61609dcfd495194698028eadeaef068) Importer(815301076,1909f56bfc062723c751e8b465ee728b)
Start importing Assets/Sprites/Medieval_pixel_art_asset_FREE/Tiles_free/Medieval_tiles_free2_83.asset using Guid(c61609dcfd495194698028eadeaef068) Importer(815301076,1909f56bfc062723c751e8b465ee728b)  -> (artifact id: 'f24cc3031ce20a3082f4d4c044536f45') in 0.013268 seconds 
========================================================================
Received Import Request.
  Time since last request: 0.000105 seconds.
  path: Assets/Sprites/Medieval_pixel_art_asset_FREE/Tiles_free/Medieval_tiles_free2_91.asset
  artifactKey: Guid(5ad159fe974c77a4bad038a286c53d4e) Importer(815301076,1909f56bfc062723c751e8b465ee728b)
Start importing Assets/Sprites/Medieval_pixel_art_asset_FREE/Tiles_free/Medieval_tiles_free2_91.asset using Guid(5ad159fe974c77a4bad038a286c53d4e) Importer(815301076,1909f56bfc062723c751e8b465ee728b)  -> (artifact id: 'c76845aa8f5dc1441cc938d4c4fbdd28') in 0.009863 seconds 
========================================================================
Received Import Request.
  Time since last request: 0.000034 seconds.
  path: Assets/Sprites/Medieval_pixel_art_asset_FREE/Tiles_free/Medieval_tiles_free2_102.asset
  artifactKey: Guid(0bb988223add60444a10f3dc3b09f484) Importer(815301076,1909f56bfc062723c751e8b465ee728b)
Start importing Assets/Sprites/Medieval_pixel_art_asset_FREE/Tiles_free/Medieval_tiles_free2_102.asset using Guid(0bb988223add60444a10f3dc3b09f484) Importer(815301076,1909f56bfc062723c751e8b465ee728b)  -> (artifact id: '49158e8daaddee3fb9cb0e4ccf58e208') in 0.009994 seconds 
========================================================================
Received Import Request.
  Time since last request: 0.209923 seconds.
  path: Assets/Sprites/Medieval_pixel_art_asset_FREE/Tiles_free/Medieval_tiles_free2_108.asset
  artifactKey: Guid(0c772ce0a07ae7b4d90ff2ddc597228a) Importer(815301076,1909f56bfc062723c751e8b465ee728b)
Start importing Assets/Sprites/Medieval_pixel_art_asset_FREE/Tiles_free/Medieval_tiles_free2_108.asset using Guid(0c772ce0a07ae7b4d90ff2ddc597228a) Importer(815301076,1909f56bfc062723c751e8b465ee728b)  -> (artifact id: 'b4ad1270bf8ca83f893c0b4def1938da') in 0.007729 seconds 
========================================================================
Received Import Request.
  Time since last request: 0.000015 seconds.
  path: Assets/Sprites/Medieval_pixel_art_asset_FREE/Tiles_free/Medieval_tiles_free2_116.asset
  artifactKey: Guid(7849befd6c6d6524c921999e21f55787) Importer(815301076,1909f56bfc062723c751e8b465ee728b)
Start importing Assets/Sprites/Medieval_pixel_art_asset_FREE/Tiles_free/Medieval_tiles_free2_116.asset using Guid(7849befd6c6d6524c921999e21f55787) Importer(815301076,1909f56bfc062723c751e8b465ee728b)  -> (artifact id: '1d65aad05f334729671411c0cea6eb8f') in 0.025149 seconds 
========================================================================
Received Import Request.
  Time since last request: 0.000022 seconds.
  path: Assets/Sprites/Medieval_pixel_art_asset_FREE/Tiles_free/Medieval_tiles_free2_111.asset
  artifactKey: Guid(7822fd69407e377479774b422528aba3) Importer(815301076,1909f56bfc062723c751e8b465ee728b)
Start importing Assets/Sprites/Medieval_pixel_art_asset_FREE/Tiles_free/Medieval_tiles_free2_111.asset using Guid(7822fd69407e377479774b422528aba3) Importer(815301076,1909f56bfc062723c751e8b465ee728b)  -> (artifact id: 'c5a5e4e7ef85fe7cd368d7127669a518') in 0.008446 seconds 
========================================================================
Received Import Request.
  Time since last request: 8.911605 seconds.
  path: Assets/Aekashics Librarium - Megapack III/Static/Side/Megapack III Cerberus Ptolemaios.png
  artifactKey: Guid(ea04a1e10efe18a46879d32ccb9a030d) Importer(815301076,1909f56bfc062723c751e8b465ee728b)
Start importing Assets/Aekashics Librarium - Megapack III/Static/Side/Megapack III Cerberus Ptolemaios.png using Guid(ea04a1e10efe18a46879d32ccb9a030d) Importer(815301076,1909f56bfc062723c751e8b465ee728b)  -> (artifact id: '3b99ad329f9eb69e81bdc77ca372fe10') in 0.144205 seconds 
========================================================================
Received Import Request.
  Time since last request: 0.000045 seconds.
  path: Assets/Aekashics Librarium - Megapack III/Static/Side/Megapack III Fallen Kings Arcane King Jeffroy.png
  artifactKey: Guid(0fc90b3ee3b34dd4ebda1ed0c7823a63) Importer(815301076,1909f56bfc062723c751e8b465ee728b)
Start importing Assets/Aekashics Librarium - Megapack III/Static/Side/Megapack III Fallen Kings Arcane King Jeffroy.png using Guid(0fc90b3ee3b34dd4ebda1ed0c7823a63) Importer(815301076,1909f56bfc062723c751e8b465ee728b)  -> (artifact id: '566420d6fcfd87ff8749e6ed946794de') in 0.049649 seconds 
========================================================================
Received Import Request.
  Time since last request: 0.000030 seconds.
  path: Assets/Aekashics Librarium - Megapack III/Static/Side/Megapack III Zodiac Aries.png
  artifactKey: Guid(97e2e768e685b1347baaea39ec6a9cb8) Importer(815301076,1909f56bfc062723c751e8b465ee728b)
Start importing Assets/Aekashics Librarium - Megapack III/Static/Side/Megapack III Zodiac Aries.png using Guid(97e2e768e685b1347baaea39ec6a9cb8) Importer(815301076,1909f56bfc062723c751e8b465ee728b)  -> (artifact id: 'f6fdfcc8c9986817e589ebba8016c0fa') in 0.066689 seconds 
Editor requested this worker to shutdown with reason: Scaling down because of idle timeout
AssetImportWorker is now disconnected from the server
Process exiting
Exiting without the bug reporter. Application will terminate with return code 0