Using pre-set license
Built from '2021.3/staging' branch; Version is '2021.3.0f1 (6eacc8284459) revision 7253192'; Using compiler version '192829333'; Build Type 'Release'
OS: 'Windows 11  (10.0.22000) 64bit CoreSingleLanguage' Language: 'en' Physical Memory: 16234 MB
BatchMode: 1, IsHumanControllingUs: 0, StartBugReporterOnCrash: 0, Is64bit: 1, IsPro: 1

COMMAND LINE ARGUMENTS:
D:\Unity Hub\Editor\2021.3.0f1\Editor\Unity.exe
-adb2
-batchMode
-noUpm
-name
AssetImportWorker2
-projectPath
E:/GameDev/Final Project Game Clone/Finals
-logFile
Logs/AssetImportWorker2.log
-srvPort
54065
Successfully changed project path to: E:/GameDev/Final Project Game Clone/Finals
E:/GameDev/Final Project Game Clone/Finals
[UnityMemory] Configuration Parameters - Can be set up in boot.config
    "memorysetup-bucket-allocator-granularity=16"
    "memorysetup-bucket-allocator-bucket-count=8"
    "memorysetup-bucket-allocator-block-size=33554432"
    "memorysetup-bucket-allocator-block-count=8"
    "memorysetup-main-allocator-block-size=16777216"
    "memorysetup-thread-allocator-block-size=16777216"
    "memorysetup-gfx-main-allocator-block-size=16777216"
    "memorysetup-gfx-thread-allocator-block-size=16777216"
    "memorysetup-cache-allocator-block-size=4194304"
    "memorysetup-typetree-allocator-block-size=2097152"
    "memorysetup-profiler-bucket-allocator-granularity=16"
    "memorysetup-profiler-bucket-allocator-bucket-count=8"
    "memorysetup-profiler-bucket-allocator-block-size=33554432"
    "memorysetup-profiler-bucket-allocator-block-count=8"
    "memorysetup-profiler-allocator-block-size=16777216"
    "memorysetup-profiler-editor-allocator-block-size=1048576"
    "memorysetup-temp-allocator-size-main=16777216"
    "memorysetup-job-temp-allocator-block-size=2097152"
    "memorysetup-job-temp-allocator-block-size-background=1048576"
    "memorysetup-job-temp-allocator-reduction-small-platforms=262144"
    "memorysetup-temp-allocator-size-background-worker=32768"
    "memorysetup-temp-allocator-size-job-worker=262144"
    "memorysetup-temp-allocator-size-preload-manager=33554432"
    "memorysetup-temp-allocator-size-nav-mesh-worker=65536"
    "memorysetup-temp-allocator-size-audio-worker=65536"
    "memorysetup-temp-allocator-size-cloud-worker=32768"
    "memorysetup-temp-allocator-size-gi-baking-worker=262144"
    "memorysetup-temp-allocator-size-gfx=262144"
Refreshing native plugins compatible for Editor in 45.49 ms, found 2 plugins.
Preloading 0 native plugins for Editor in 0.00 ms.
Initialize engine version: 2021.3.0f1 (6eacc8284459)
[Subsystems] Discovering subsystems at path D:/Unity Hub/Editor/2021.3.0f1/Editor/Data/Resources/UnitySubsystems
[Subsystems] Discovering subsystems at path E:/GameDev/Final Project Game Clone/Finals/Assets
GfxDevice: creating device client; threaded=0; jobified=0
Direct3D:
    Version:  Direct3D 11.0 [level 11.1]
    Renderer: NVIDIA GeForce GTX 1050 (ID=0x1c8d)
    Vendor:   NVIDIA
    VRAM:     4019 MB
    Driver:   30.0.15.1215
Initialize mono
Mono path[0] = 'D:/Unity Hub/Editor/2021.3.0f1/Editor/Data/Managed'
Mono path[1] = 'D:/Unity Hub/Editor/2021.3.0f1/Editor/Data/MonoBleedingEdge/lib/mono/unityjit-win32'
Mono config path = 'D:/Unity Hub/Editor/2021.3.0f1/Editor/Data/MonoBleedingEdge/etc'
Using monoOptions --debugger-agent=transport=dt_socket,embedding=1,server=y,suspend=n,address=127.0.0.1:56972
Begin MonoManager ReloadAssembly
Registering precompiled unity dll's ...
Register platform support module: D:/Unity Hub/Editor/2021.3.0f1/Editor/Data/PlaybackEngines/WebGLSupport/UnityEditor.WebGL.Extensions.dll
Register platform support module: D:/Unity Hub/Editor/2021.3.0f1/Editor/Data/PlaybackEngines/WindowsStandaloneSupport/UnityEditor.WindowsStandalone.Extensions.dll
Registered in 0.002412 seconds.
Native extension for WindowsStandalone target not found
Native extension for WebGL target not found
Refreshing native plugins compatible for Editor in 35.85 ms, found 2 plugins.
Preloading 0 native plugins for Editor in 0.00 ms.
Mono: successfully reloaded assembly
- Completed reload, in  0.706 seconds
Domain Reload Profiling:
	ReloadAssembly (707ms)
		BeginReloadAssembly (102ms)
			ExecutionOrderSort (0ms)
			DisableScriptedObjects (0ms)
			BackupInstance (0ms)
			ReleaseScriptingObjects (0ms)
			CreateAndSetChildDomain (1ms)
		EndReloadAssembly (480ms)
			LoadAssemblies (101ms)
			RebuildTransferFunctionScriptingTraits (0ms)
			SetupTypeCache (129ms)
			ReleaseScriptCaches (0ms)
			RebuildScriptCaches (47ms)
			SetupLoadedEditorAssemblies (247ms)
				LogAssemblyErrors (0ms)
				InitializePlatformSupportModulesInManaged (10ms)
				SetLoadedEditorAssemblies (1ms)
				RefreshPlugins (36ms)
				BeforeProcessingInitializeOnLoad (2ms)
				ProcessInitializeOnLoadAttributes (142ms)
				ProcessInitializeOnLoadMethodAttributes (57ms)
				AfterProcessingInitializeOnLoad (0ms)
				EditorAssembliesLoaded (0ms)
			ExecutionOrderSort2 (0ms)
			AwakeInstancesAfterBackupRestoration (0ms)
Platform modules already initialized, skipping
Registering precompiled user dll's ...
Registered in 0.002232 seconds.
Begin MonoManager ReloadAssembly
Symbol file LoadedFromMemory is not a mono symbol file
Native extension for WindowsStandalone target not found
Native extension for WebGL target not found
Refreshing native plugins compatible for Editor in 0.41 ms, found 2 plugins.
Preloading 0 native plugins for Editor in 0.00 ms.
Mono: successfully reloaded assembly
- Completed reload, in  0.985 seconds
Domain Reload Profiling:
	ReloadAssembly (986ms)
		BeginReloadAssembly (134ms)
			ExecutionOrderSort (0ms)
			DisableScriptedObjects (7ms)
			BackupInstance (0ms)
			ReleaseScriptingObjects (0ms)
			CreateAndSetChildDomain (24ms)
		EndReloadAssembly (721ms)
			LoadAssemblies (94ms)
			RebuildTransferFunctionScriptingTraits (0ms)
			SetupTypeCache (192ms)
			ReleaseScriptCaches (0ms)
			RebuildScriptCaches (50ms)
			SetupLoadedEditorAssemblies (336ms)
				LogAssemblyErrors (0ms)
				InitializePlatformSupportModulesInManaged (7ms)
				SetLoadedEditorAssemblies (1ms)
				RefreshPlugins (0ms)
				BeforeProcessingInitializeOnLoad (67ms)
				ProcessInitializeOnLoadAttributes (232ms)
				ProcessInitializeOnLoadMethodAttributes (27ms)
				AfterProcessingInitializeOnLoad (2ms)
				EditorAssembliesLoaded (0ms)
			ExecutionOrderSort2 (0ms)
			AwakeInstancesAfterBackupRestoration (11ms)
Platform modules already initialized, skipping
========================================================================
Worker process is ready to serve import requests
Launched and connected shader compiler UnityShaderCompiler.exe after 0.08 seconds
Refreshing native plugins compatible for Editor in 0.37 ms, found 2 plugins.
Preloading 0 native plugins for Editor in 0.00 ms.
Unloading 1580 Unused Serialized files (Serialized files now loaded: 0)
Unloading 16 unused Assets / (55.9 KB). Loaded Objects now: 2048.
Memory consumption went from 71.6 MB to 71.6 MB.
Total: 2.612900 ms (FindLiveObjects: 0.156500 ms CreateObjectMapping: 0.070100 ms MarkObjects: 2.314900 ms  DeleteObjects: 0.070200 ms)

AssetImportParameters requested are different than current active one (requested -> active):
  custom:video-decoder-ogg-theora: a1e56fd34408186e4bbccfd4996cb3dc -> 
  custom:container-muxer-webm: aa71ff27fc2769a1b78a27578f13a17b -> 
  custom:container-demuxer-webm: 4f35f7cbe854078d1ac9338744f61a02 -> 
  custom:video-encoder-webm-vp8: eb34c28f22e8b96e1ab97ce403110664 -> 
  custom:video-codec-MediaFoundation-h265: 746d11721c4dcdbdad8f713fa42b33f4 -> 
  custom:audio-encoder-webm-vorbis: bf7c407c2cedff20999df2af8eb42d56 -> 
  custom:framework-win-MediaFoundation: 216162199b28c13a410421893ffa2e32 -> 
  custom:container-demuxer-ogg: 62fdf1f143b41e24485cea50d1cbac27 -> 
  custom:video-decoder-webm-vp8: 9c59270c3fd7afecdb556c50c9e8de78 -> 
  custom:audio-decoder-ogg-vorbis: bf7c407c2cedff20999df2af8eb42d56 -> 
========================================================================
Received Import Request.
  Time since last request: 24059.060000 seconds.
  path: Assets/Sprites/Medieval_pixel_art_asset_FREE/Tiles_free
  artifactKey: Guid(631a5d26e29e0094c899147c58ca51dc) Importer(815301076,1909f56bfc062723c751e8b465ee728b)
Start importing Assets/Sprites/Medieval_pixel_art_asset_FREE/Tiles_free using Guid(631a5d26e29e0094c899147c58ca51dc) Importer(815301076,1909f56bfc062723c751e8b465ee728b)  -> (artifact id: '4bcac4b1725be3555460842b1fbe919e') in 0.013247 seconds 
========================================================================
Received Import Request.
  Time since last request: 0.048528 seconds.
  path: Assets/Sprites/Medieval_pixel_art_asset_FREE/Tiles_free/Medieval_tiles_free2_0.asset
  artifactKey: Guid(d9f98adac48e02c4ca93094b79d999d5) Importer(815301076,1909f56bfc062723c751e8b465ee728b)
Start importing Assets/Sprites/Medieval_pixel_art_asset_FREE/Tiles_free/Medieval_tiles_free2_0.asset using Guid(d9f98adac48e02c4ca93094b79d999d5) Importer(815301076,1909f56bfc062723c751e8b465ee728b)  -> (artifact id: '4768cdc7df3891a0658849f64f1faa65') in 0.144972 seconds 
========================================================================
Received Import Request.
  Time since last request: 0.000024 seconds.
  path: Assets/Sprites/Medieval_pixel_art_asset_FREE/Tiles_free/Medieval_tiles_free2_28.asset
  artifactKey: Guid(f1bcaf2a57ee8b743a9dd0f7d8d27aa5) Importer(815301076,1909f56bfc062723c751e8b465ee728b)
Start importing Assets/Sprites/Medieval_pixel_art_asset_FREE/Tiles_free/Medieval_tiles_free2_28.asset using Guid(f1bcaf2a57ee8b743a9dd0f7d8d27aa5) Importer(815301076,1909f56bfc062723c751e8b465ee728b)  -> (artifact id: '598adddef0e5b87d3330a9221fcc3ab0') in 0.021294 seconds 
========================================================================
Received Import Request.
  Time since last request: 0.000027 seconds.
  path: Assets/Sprites/Medieval_pixel_art_asset_FREE/Tiles_free/Medieval_tiles_free2_5.asset
  artifactKey: Guid(2fb88953e2c1c0c4a91f42a64ec98399) Importer(815301076,1909f56bfc062723c751e8b465ee728b)
Start importing Assets/Sprites/Medieval_pixel_art_asset_FREE/Tiles_free/Medieval_tiles_free2_5.asset using Guid(2fb88953e2c1c0c4a91f42a64ec98399) Importer(815301076,1909f56bfc062723c751e8b465ee728b)  -> (artifact id: '4e029f1911ecd5bb285e8f035b3e5c8b') in 0.024854 seconds 
========================================================================
Received Import Request.
  Time since last request: 0.000038 seconds.
  path: Assets/Sprites/Medieval_pixel_art_asset_FREE/Tiles_free/Medieval_tiles_free2_37.asset
  artifactKey: Guid(2692f4efbd3809341a0d5eeb348d9bd8) Importer(815301076,1909f56bfc062723c751e8b465ee728b)
Start importing Assets/Sprites/Medieval_pixel_art_asset_FREE/Tiles_free/Medieval_tiles_free2_37.asset using Guid(2692f4efbd3809341a0d5eeb348d9bd8) Importer(815301076,1909f56bfc062723c751e8b465ee728b)  -> (artifact id: '82140ae2f73ad77374f6bf297a9b6b03') in 0.032896 seconds 
========================================================================
Received Import Request.
  Time since last request: 0.000023 seconds.
  path: Assets/Sprites/Medieval_pixel_art_asset_FREE/Tiles_free/Medieval_tiles_free2_52.asset
  artifactKey: Guid(c9ed40586f9a4c14b91c068d3541384c) Importer(815301076,1909f56bfc062723c751e8b465ee728b)
Start importing Assets/Sprites/Medieval_pixel_art_asset_FREE/Tiles_free/Medieval_tiles_free2_52.asset using Guid(c9ed40586f9a4c14b91c068d3541384c) Importer(815301076,1909f56bfc062723c751e8b465ee728b)  -> (artifact id: 'f253eae76f6a0bef76ce787546eaf370') in 0.032890 seconds 
========================================================================
Received Import Request.
  Time since last request: 0.000023 seconds.
  path: Assets/Sprites/Medieval_pixel_art_asset_FREE/Tiles_free/Medieval_tiles_free2_33.asset
  artifactKey: Guid(4d39f938b384d774589f5eec56572f61) Importer(815301076,1909f56bfc062723c751e8b465ee728b)
Start importing Assets/Sprites/Medieval_pixel_art_asset_FREE/Tiles_free/Medieval_tiles_free2_33.asset using Guid(4d39f938b384d774589f5eec56572f61) Importer(815301076,1909f56bfc062723c751e8b465ee728b)  -> (artifact id: 'e1e02ab0dda4e1519cc33d4eb499bfd0') in 0.010305 seconds 
========================================================================
Received Import Request.
  Time since last request: 0.000034 seconds.
  path: Assets/Sprites/Medieval_pixel_art_asset_FREE/Tiles_free/Medieval_tiles_free2_10.asset
  artifactKey: Guid(6f8ffdf4dd9eff74d826989fdc289ecc) Importer(815301076,1909f56bfc062723c751e8b465ee728b)
Start importing Assets/Sprites/Medieval_pixel_art_asset_FREE/Tiles_free/Medieval_tiles_free2_10.asset using Guid(6f8ffdf4dd9eff74d826989fdc289ecc) Importer(815301076,1909f56bfc062723c751e8b465ee728b)  -> (artifact id: '2664ea3a87dd4bf57a7b430802c7a3e7') in 0.011055 seconds 
========================================================================
Received Import Request.
  Time since last request: 0.000018 seconds.
  path: Assets/Sprites/Medieval_pixel_art_asset_FREE/Tiles_free/Medieval_tiles_free2_16.asset
  artifactKey: Guid(c7e104a15f92b094ca3f320a387f4bf4) Importer(815301076,1909f56bfc062723c751e8b465ee728b)
Start importing Assets/Sprites/Medieval_pixel_art_asset_FREE/Tiles_free/Medieval_tiles_free2_16.asset using Guid(c7e104a15f92b094ca3f320a387f4bf4) Importer(815301076,1909f56bfc062723c751e8b465ee728b)  -> (artifact id: 'e19ec5937983c379dd35054de49b7424') in 0.028463 seconds 
========================================================================
Received Import Request.
  Time since last request: 0.000021 seconds.
  path: Assets/Sprites/Medieval_pixel_art_asset_FREE/Tiles_free/Medieval_tiles_free2_36.asset
  artifactKey: Guid(f4e6b983780735f4ebdae217da51f126) Importer(815301076,1909f56bfc062723c751e8b465ee728b)
Start importing Assets/Sprites/Medieval_pixel_art_asset_FREE/Tiles_free/Medieval_tiles_free2_36.asset using Guid(f4e6b983780735f4ebdae217da51f126) Importer(815301076,1909f56bfc062723c751e8b465ee728b)  -> (artifact id: '0e80af30c2506c345fe82d79d440b295') in 0.013647 seconds 
========================================================================
Received Import Request.
  Time since last request: 0.000183 seconds.
  path: Assets/Sprites/Medieval_pixel_art_asset_FREE/Tiles_free/Medieval_tiles_free2_45.asset
  artifactKey: Guid(3128955341263c74090c006ed71470a2) Importer(815301076,1909f56bfc062723c751e8b465ee728b)
Start importing Assets/Sprites/Medieval_pixel_art_asset_FREE/Tiles_free/Medieval_tiles_free2_45.asset using Guid(3128955341263c74090c006ed71470a2) Importer(815301076,1909f56bfc062723c751e8b465ee728b)  -> (artifact id: 'aaa08f23fa4d5c3c14ce14a342bc48cd') in 0.011198 seconds 
========================================================================
Received Import Request.
  Time since last request: 0.000024 seconds.
  path: Assets/Sprites/Medieval_pixel_art_asset_FREE/Tiles_free/Medieval_tiles_free2_32.asset
  artifactKey: Guid(b9eda2a54a9f40348804c9aaabe17b1d) Importer(815301076,1909f56bfc062723c751e8b465ee728b)
Start importing Assets/Sprites/Medieval_pixel_art_asset_FREE/Tiles_free/Medieval_tiles_free2_32.asset using Guid(b9eda2a54a9f40348804c9aaabe17b1d) Importer(815301076,1909f56bfc062723c751e8b465ee728b)  -> (artifact id: '58956d6c0766e124292c1ab220115dc8') in 0.017262 seconds 
========================================================================
Received Import Request.
  Time since last request: 0.000018 seconds.
  path: Assets/Sprites/Medieval_pixel_art_asset_FREE/Tiles_free/Medieval_tiles_free2_7.asset
  artifactKey: Guid(0dbd2c7dd43603c4f8d08d7964404ad0) Importer(815301076,1909f56bfc062723c751e8b465ee728b)
Start importing Assets/Sprites/Medieval_pixel_art_asset_FREE/Tiles_free/Medieval_tiles_free2_7.asset using Guid(0dbd2c7dd43603c4f8d08d7964404ad0) Importer(815301076,1909f56bfc062723c751e8b465ee728b)  -> (artifact id: '7c7206e8e5fd12709ee086c60f39c921') in 0.034126 seconds 
========================================================================
Received Import Request.
  Time since last request: 0.000053 seconds.
  path: Assets/Sprites/Medieval_pixel_art_asset_FREE/Tiles_free/Medieval_tiles_free2_27.asset
  artifactKey: Guid(e54df89b4f95dd74ba08f64cdf6af519) Importer(815301076,1909f56bfc062723c751e8b465ee728b)
Start importing Assets/Sprites/Medieval_pixel_art_asset_FREE/Tiles_free/Medieval_tiles_free2_27.asset using Guid(e54df89b4f95dd74ba08f64cdf6af519) Importer(815301076,1909f56bfc062723c751e8b465ee728b)  -> (artifact id: '04994dc81f6fae3ef1e90b91a7e2a7a6') in 0.018434 seconds 
========================================================================
Received Import Request.
  Time since last request: 0.574550 seconds.
  path: Assets/Sprites/Medieval_pixel_art_asset_FREE/Tiles_free/Medieval_tiles_free2_53.asset
  artifactKey: Guid(f329e299f14bcfb49a756b3f099187e5) Importer(815301076,1909f56bfc062723c751e8b465ee728b)
Start importing Assets/Sprites/Medieval_pixel_art_asset_FREE/Tiles_free/Medieval_tiles_free2_53.asset using Guid(f329e299f14bcfb49a756b3f099187e5) Importer(815301076,1909f56bfc062723c751e8b465ee728b)  -> (artifact id: '12e2b7358d9ce1c8edad6f557e04bd44') in 0.008665 seconds 
========================================================================
Received Import Request.
  Time since last request: 0.000018 seconds.
  path: Assets/Sprites/Medieval_pixel_art_asset_FREE/Tiles_free/Medieval_tiles_free2_60.asset
  artifactKey: Guid(aa3f6a82a6124f74ab6a46e72846b500) Importer(815301076,1909f56bfc062723c751e8b465ee728b)
Start importing Assets/Sprites/Medieval_pixel_art_asset_FREE/Tiles_free/Medieval_tiles_free2_60.asset using Guid(aa3f6a82a6124f74ab6a46e72846b500) Importer(815301076,1909f56bfc062723c751e8b465ee728b)  -> (artifact id: '76e423282399e08ec577ac4fd97a97d6') in 0.013338 seconds 
========================================================================
Received Import Request.
  Time since last request: 0.000015 seconds.
  path: Assets/Sprites/Medieval_pixel_art_asset_FREE/Tiles_free/Medieval_tiles_free2_57.asset
  artifactKey: Guid(adebb42c4b9514746b250d606bc847d5) Importer(815301076,1909f56bfc062723c751e8b465ee728b)
Start importing Assets/Sprites/Medieval_pixel_art_asset_FREE/Tiles_free/Medieval_tiles_free2_57.asset using Guid(adebb42c4b9514746b250d606bc847d5) Importer(815301076,1909f56bfc062723c751e8b465ee728b)  -> (artifact id: '5359a3af1502366868459021824d088e') in 0.009025 seconds 
========================================================================
Received Import Request.
  Time since last request: 0.000019 seconds.
  path: Assets/Sprites/Medieval_pixel_art_asset_FREE/Tiles_free/Medieval_tiles_free2_61.asset
  artifactKey: Guid(1f5de28909e9756469cb72e199333498) Importer(815301076,1909f56bfc062723c751e8b465ee728b)
Start importing Assets/Sprites/Medieval_pixel_art_asset_FREE/Tiles_free/Medieval_tiles_free2_61.asset using Guid(1f5de28909e9756469cb72e199333498) Importer(815301076,1909f56bfc062723c751e8b465ee728b)  -> (artifact id: '3933179cfeb4dd68eb735895f9edbee3') in 0.008314 seconds 
========================================================================
Received Import Request.
  Time since last request: 0.013428 seconds.
  path: Assets/Sprites/Medieval_pixel_art_asset_FREE/Tiles_free/Medieval_tiles_free2_66.asset
  artifactKey: Guid(71d1a9f3c18301e4db3cea1ac29e26c7) Importer(815301076,1909f56bfc062723c751e8b465ee728b)
Start importing Assets/Sprites/Medieval_pixel_art_asset_FREE/Tiles_free/Medieval_tiles_free2_66.asset using Guid(71d1a9f3c18301e4db3cea1ac29e26c7) Importer(815301076,1909f56bfc062723c751e8b465ee728b)  -> (artifact id: 'dca16951b31471581927b5b588b1528d') in 0.020144 seconds 
========================================================================
Received Import Request.
  Time since last request: 0.000067 seconds.
  path: Assets/Sprites/Medieval_pixel_art_asset_FREE/Tiles_free/Medieval_tiles_free2_79.asset
  artifactKey: Guid(5ff0c1793623d4d40807e8945cb109a7) Importer(815301076,1909f56bfc062723c751e8b465ee728b)
Start importing Assets/Sprites/Medieval_pixel_art_asset_FREE/Tiles_free/Medieval_tiles_free2_79.asset using Guid(5ff0c1793623d4d40807e8945cb109a7) Importer(815301076,1909f56bfc062723c751e8b465ee728b)  -> (artifact id: '2be80fa8ad6502d91617eac91a5e080e') in 0.015965 seconds 
========================================================================
Received Import Request.
  Time since last request: 0.000021 seconds.
  path: Assets/Sprites/Medieval_pixel_art_asset_FREE/Tiles_free/Medieval_tiles_free2_98.asset
  artifactKey: Guid(bb584ce50cd305949b9bc0c108467129) Importer(815301076,1909f56bfc062723c751e8b465ee728b)
Start importing Assets/Sprites/Medieval_pixel_art_asset_FREE/Tiles_free/Medieval_tiles_free2_98.asset using Guid(bb584ce50cd305949b9bc0c108467129) Importer(815301076,1909f56bfc062723c751e8b465ee728b)  -> (artifact id: '1fd379532d88ed5b36398d855ba24c5e') in 0.012657 seconds 
========================================================================
Received Import Request.
  Time since last request: 0.000023 seconds.
  path: Assets/Sprites/Medieval_pixel_art_asset_FREE/Tiles_free/Medieval_tiles_free2_100.asset
  artifactKey: Guid(5551bb9f09e2c484db806c77d898b831) Importer(815301076,1909f56bfc062723c751e8b465ee728b)
Start importing Assets/Sprites/Medieval_pixel_art_asset_FREE/Tiles_free/Medieval_tiles_free2_100.asset using Guid(5551bb9f09e2c484db806c77d898b831) Importer(815301076,1909f56bfc062723c751e8b465ee728b)  -> (artifact id: '11f51a4e861914d147b385a664f56691') in 0.023987 seconds 
========================================================================
Received Import Request.
  Time since last request: 0.000112 seconds.
  path: Assets/Sprites/Medieval_pixel_art_asset_FREE/Tiles_free/Medieval_tiles_free2_103.asset
  artifactKey: Guid(d358db5499a17b54da0b7541e73aad5c) Importer(815301076,1909f56bfc062723c751e8b465ee728b)
Start importing Assets/Sprites/Medieval_pixel_art_asset_FREE/Tiles_free/Medieval_tiles_free2_103.asset using Guid(d358db5499a17b54da0b7541e73aad5c) Importer(815301076,1909f56bfc062723c751e8b465ee728b)  -> (artifact id: '56d45997ff1b94135657a4b829c80cbe') in 0.017961 seconds 
========================================================================
Received Import Request.
  Time since last request: 0.000030 seconds.
  path: Assets/Sprites/Medieval_pixel_art_asset_FREE/Tiles_free/Medieval_tiles_free2_92.asset
  artifactKey: Guid(e718d46dbbb67674fb5579fe6e979b64) Importer(815301076,1909f56bfc062723c751e8b465ee728b)
Start importing Assets/Sprites/Medieval_pixel_art_asset_FREE/Tiles_free/Medieval_tiles_free2_92.asset using Guid(e718d46dbbb67674fb5579fe6e979b64) Importer(815301076,1909f56bfc062723c751e8b465ee728b)  -> (artifact id: '101a383bc23519c54159850469240fca') in 0.012780 seconds 
========================================================================
Received Import Request.
  Time since last request: 0.000034 seconds.
  path: Assets/Sprites/Medieval_pixel_art_asset_FREE/Tiles_free/Medieval_tiles_free2_78.asset
  artifactKey: Guid(311007bdaf19e0244bd2217cbe0d9645) Importer(815301076,1909f56bfc062723c751e8b465ee728b)
Start importing Assets/Sprites/Medieval_pixel_art_asset_FREE/Tiles_free/Medieval_tiles_free2_78.asset using Guid(311007bdaf19e0244bd2217cbe0d9645) Importer(815301076,1909f56bfc062723c751e8b465ee728b)  -> (artifact id: '18d5ab87ac3a73332b711678e8ea5cca') in 0.012376 seconds 
========================================================================
Received Import Request.
  Time since last request: 0.000037 seconds.
  path: Assets/Sprites/Medieval_pixel_art_asset_FREE/Tiles_free/Medieval_tiles_free2_95.asset
  artifactKey: Guid(f7b16f67efcf6e3499ff361d7bfba613) Importer(815301076,1909f56bfc062723c751e8b465ee728b)
Start importing Assets/Sprites/Medieval_pixel_art_asset_FREE/Tiles_free/Medieval_tiles_free2_95.asset using Guid(f7b16f67efcf6e3499ff361d7bfba613) Importer(815301076,1909f56bfc062723c751e8b465ee728b)  -> (artifact id: '1794d95904058045989874c8f797b292') in 0.010330 seconds 
========================================================================
Received Import Request.
  Time since last request: 0.000146 seconds.
  path: Assets/Sprites/Medieval_pixel_art_asset_FREE/Tiles_free/Medieval_tiles_free2_86.asset
  artifactKey: Guid(9f8d2f8f63cd53f4f98df92d3d4fd57c) Importer(815301076,1909f56bfc062723c751e8b465ee728b)
Start importing Assets/Sprites/Medieval_pixel_art_asset_FREE/Tiles_free/Medieval_tiles_free2_86.asset using Guid(9f8d2f8f63cd53f4f98df92d3d4fd57c) Importer(815301076,1909f56bfc062723c751e8b465ee728b)  -> (artifact id: '855b714f13bf65586bab1e1c7df18cac') in 0.010452 seconds 
========================================================================
Received Import Request.
  Time since last request: 0.208528 seconds.
  path: Assets/Sprites/Medieval_pixel_art_asset_FREE/Tiles_free/Medieval_tiles_free2_105.asset
  artifactKey: Guid(7072f65015411324d9a28f2d01b10599) Importer(815301076,1909f56bfc062723c751e8b465ee728b)
Start importing Assets/Sprites/Medieval_pixel_art_asset_FREE/Tiles_free/Medieval_tiles_free2_105.asset using Guid(7072f65015411324d9a28f2d01b10599) Importer(815301076,1909f56bfc062723c751e8b465ee728b)  -> (artifact id: 'f0ed272dd9d732939223e14d26c57f25') in 0.007940 seconds 
========================================================================
Received Import Request.
  Time since last request: 0.000021 seconds.
  path: Assets/Sprites/Medieval_pixel_art_asset_FREE/Tiles_free/Medieval_tiles_free2_113.asset
  artifactKey: Guid(dc3f66d233574ae409780b730a934931) Importer(815301076,1909f56bfc062723c751e8b465ee728b)
Start importing Assets/Sprites/Medieval_pixel_art_asset_FREE/Tiles_free/Medieval_tiles_free2_113.asset using Guid(dc3f66d233574ae409780b730a934931) Importer(815301076,1909f56bfc062723c751e8b465ee728b)  -> (artifact id: '68f4aba47476ab6f2c1a36c4f3922ed5') in 0.008835 seconds 
========================================================================
Received Import Request.
  Time since last request: 0.000053 seconds.
  path: Assets/Sprites/Medieval_pixel_art_asset_FREE/Tiles_free/Medieval_tiles_free2_112.asset
  artifactKey: Guid(982914e9bf0c83f4581e24181e2b4ace) Importer(815301076,1909f56bfc062723c751e8b465ee728b)
Start importing Assets/Sprites/Medieval_pixel_art_asset_FREE/Tiles_free/Medieval_tiles_free2_112.asset using Guid(982914e9bf0c83f4581e24181e2b4ace) Importer(815301076,1909f56bfc062723c751e8b465ee728b)  -> (artifact id: 'c77132e42167b60aa1941c64bf421425') in 0.011192 seconds 
========================================================================
Received Import Request.
  Time since last request: 0.000038 seconds.
  path: Assets/Sprites/Medieval_pixel_art_asset_FREE/Tiles_free/Medieval_tiles_free2_115.asset
  artifactKey: Guid(62d5b7c65a606664c954cc6da1e1c300) Importer(815301076,1909f56bfc062723c751e8b465ee728b)
Start importing Assets/Sprites/Medieval_pixel_art_asset_FREE/Tiles_free/Medieval_tiles_free2_115.asset using Guid(62d5b7c65a606664c954cc6da1e1c300) Importer(815301076,1909f56bfc062723c751e8b465ee728b)  -> (artifact id: '44965e922ec1982329f35b31379db163') in 0.008693 seconds 
========================================================================
Received Import Request.
  Time since last request: 4.635957 seconds.
  path: Assets/Aekashics Librarium - Megapack III/Map Sprites
  artifactKey: Guid(21243b92bfeef474aa40c3ebfb04d4f5) Importer(815301076,1909f56bfc062723c751e8b465ee728b)
Start importing Assets/Aekashics Librarium - Megapack III/Map Sprites using Guid(21243b92bfeef474aa40c3ebfb04d4f5) Importer(815301076,1909f56bfc062723c751e8b465ee728b)  -> (artifact id: '9d9901f7cb3882fdf1ec63d5c2e87af6') in 0.004473 seconds 
========================================================================
Received Import Request.
  Time since last request: 0.100377 seconds.
  path: Assets/Aekashics Librarium - Megapack III/Map Sprites/!$Goken.png
  artifactKey: Guid(798f744f481c97a4c845e29424660213) Importer(815301076,1909f56bfc062723c751e8b465ee728b)
Start importing Assets/Aekashics Librarium - Megapack III/Map Sprites/!$Goken.png using Guid(798f744f481c97a4c845e29424660213) Importer(815301076,1909f56bfc062723c751e8b465ee728b)  -> (artifact id: '78ecb196fae6acf011f2f54f76c17cd5') in 0.090828 seconds 
========================================================================
Received Import Request.
  Time since last request: 3.648063 seconds.
  path: Assets/Aekashics Librarium - Megapack III/Static/Front
  artifactKey: Guid(1ba0cdbc2633df2498354a19001a0d65) Importer(815301076,1909f56bfc062723c751e8b465ee728b)
Start importing Assets/Aekashics Librarium - Megapack III/Static/Front using Guid(1ba0cdbc2633df2498354a19001a0d65) Importer(815301076,1909f56bfc062723c751e8b465ee728b)  -> (artifact id: '2a1160288d38ed426e229288246b925d') in 0.005035 seconds 
========================================================================
Received Import Request.
  Time since last request: 0.366541 seconds.
  path: Assets/Aekashics Librarium - Megapack III/Static/Side
  artifactKey: Guid(47c2b7ecb14e6fc40b57ce1bb8b5d1ca) Importer(815301076,1909f56bfc062723c751e8b465ee728b)
Start importing Assets/Aekashics Librarium - Megapack III/Static/Side using Guid(47c2b7ecb14e6fc40b57ce1bb8b5d1ca) Importer(815301076,1909f56bfc062723c751e8b465ee728b)  -> (artifact id: 'b8221d069c3b9e9d1d9b0cff4a1f82a6') in 0.004544 seconds 
========================================================================
Received Import Request.
  Time since last request: 0.043926 seconds.
  path: Assets/Aekashics Librarium - Megapack III/Static/Side/Megapack III Axe Warrior Dwarf.png
  artifactKey: Guid(1721ea90703c5d04193884decc964ac3) Importer(815301076,1909f56bfc062723c751e8b465ee728b)
Start importing Assets/Aekashics Librarium - Megapack III/Static/Side/Megapack III Axe Warrior Dwarf.png using Guid(1721ea90703c5d04193884decc964ac3) Importer(815301076,1909f56bfc062723c751e8b465ee728b)  -> (artifact id: 'b48a6a8d1d25cc3a4dc54c50a804bd55') in 0.028532 seconds 
========================================================================
Received Import Request.
  Time since last request: 0.000021 seconds.
  path: Assets/Aekashics Librarium - Megapack III/Static/Side/Megapack III Undead Warrior Benkei.png
  artifactKey: Guid(6a1514fa84f407b43b6d84ce4d48c489) Importer(815301076,1909f56bfc062723c751e8b465ee728b)
Start importing Assets/Aekashics Librarium - Megapack III/Static/Side/Megapack III Undead Warrior Benkei.png using Guid(6a1514fa84f407b43b6d84ce4d48c489) Importer(815301076,1909f56bfc062723c751e8b465ee728b)  -> (artifact id: '85d4e2887a80b43270afeefb9656e6bb') in 0.027089 seconds 
========================================================================
Received Import Request.
  Time since last request: 0.000053 seconds.
  path: Assets/Aekashics Librarium - Megapack III/Static/Side/Megapack III Fallen Kings King Of Elves Dreyel.png
  artifactKey: Guid(37029d64b06d5ff4f8805a73338a98ed) Importer(815301076,1909f56bfc062723c751e8b465ee728b)
Start importing Assets/Aekashics Librarium - Megapack III/Static/Side/Megapack III Fallen Kings King Of Elves Dreyel.png using Guid(37029d64b06d5ff4f8805a73338a98ed) Importer(815301076,1909f56bfc062723c751e8b465ee728b)  -> (artifact id: '7bfef6c4c3e7fd9ae25eaf901f5ed521') in 0.042828 seconds 
========================================================================
Received Import Request.
  Time since last request: 0.000025 seconds.
  path: Assets/Aekashics Librarium - Megapack III/Static/Side/Megapack III Red Guard B.png
  artifactKey: Guid(d26644f888a8c104ca3a2e13f11d0bd6) Importer(815301076,1909f56bfc062723c751e8b465ee728b)
Start importing Assets/Aekashics Librarium - Megapack III/Static/Side/Megapack III Red Guard B.png using Guid(d26644f888a8c104ca3a2e13f11d0bd6) Importer(815301076,1909f56bfc062723c751e8b465ee728b)  -> (artifact id: '849da61af41079709d94acb194f8bbaf') in 0.032377 seconds 
========================================================================
Received Import Request.
  Time since last request: 0.000047 seconds.
  path: Assets/Aekashics Librarium - Megapack III/Static/Side/Megapack III Elemental Lords Fire Lord.png
  artifactKey: Guid(6a114df6ce8152c4abf5e6fa79200920) Importer(815301076,1909f56bfc062723c751e8b465ee728b)
Start importing Assets/Aekashics Librarium - Megapack III/Static/Side/Megapack III Elemental Lords Fire Lord.png using Guid(6a114df6ce8152c4abf5e6fa79200920) Importer(815301076,1909f56bfc062723c751e8b465ee728b)  -> (artifact id: 'fdb3a43911ba69bb56a0d8373d9d8084') in 0.081624 seconds 
========================================================================
Received Import Request.
  Time since last request: 0.000022 seconds.
  path: Assets/Aekashics Librarium - Megapack III/Static/Side/Megapack III Elemental Lords Ice Maiden.png
  artifactKey: Guid(2e36d83ba3b89b246ab07f999208f954) Importer(815301076,1909f56bfc062723c751e8b465ee728b)
Start importing Assets/Aekashics Librarium - Megapack III/Static/Side/Megapack III Elemental Lords Ice Maiden.png using Guid(2e36d83ba3b89b246ab07f999208f954) Importer(815301076,1909f56bfc062723c751e8b465ee728b)  -> (artifact id: '5b4c5913cf3293837adaf6ba19072c12') in 0.055916 seconds 
========================================================================
Received Import Request.
  Time since last request: 142.608841 seconds.
  path: Assets/Knight Files/Knight PNG
  artifactKey: Guid(fa9328c527df7954385971d85e2a2548) Importer(815301076,1909f56bfc062723c751e8b465ee728b)
Start importing Assets/Knight Files/Knight PNG using Guid(fa9328c527df7954385971d85e2a2548) Importer(815301076,1909f56bfc062723c751e8b465ee728b)  -> (artifact id: '61e6f535d8fde8e1a2c5ebfa0901b7ef') in 0.004315 seconds 
========================================================================
Received Import Request.
  Time since last request: 72.290248 seconds.
  path: Assets/Aekashics Librarium - Megapack III/Static/Front/Megapack III Axe Warrior Dwarf.png
  artifactKey: Guid(7eca5eb76d1a9e4429a044ab8ff7efc6) Importer(815301076,1909f56bfc062723c751e8b465ee728b)
Start importing Assets/Aekashics Librarium - Megapack III/Static/Front/Megapack III Axe Warrior Dwarf.png using Guid(7eca5eb76d1a9e4429a044ab8ff7efc6) Importer(815301076,1909f56bfc062723c751e8b465ee728b)  -> (artifact id: 'dc0e13b4e3d1b9e36d60e016e1008f0d') in 0.064132 seconds 
========================================================================
Received Import Request.
  Time since last request: 0.000019 seconds.
  path: Assets/Aekashics Librarium - Megapack III/Static/Front/Megpack III Drill Dwarf.png
  artifactKey: Guid(ba725d29d5acae34491f20ef798aad04) Importer(815301076,1909f56bfc062723c751e8b465ee728b)
Start importing Assets/Aekashics Librarium - Megapack III/Static/Front/Megpack III Drill Dwarf.png using Guid(ba725d29d5acae34491f20ef798aad04) Importer(815301076,1909f56bfc062723c751e8b465ee728b)  -> (artifact id: '671dabb8f0c380abf6d93d233a2c737c') in 0.024831 seconds 
========================================================================
Received Import Request.
  Time since last request: 0.000022 seconds.
  path: Assets/Aekashics Librarium - Megapack III/Static/Front/Megapack III Void Gargoyle.png
  artifactKey: Guid(a1f616cae7ad9e14ba2341f2d9ecda54) Importer(815301076,1909f56bfc062723c751e8b465ee728b)
Start importing Assets/Aekashics Librarium - Megapack III/Static/Front/Megapack III Void Gargoyle.png using Guid(a1f616cae7ad9e14ba2341f2d9ecda54) Importer(815301076,1909f56bfc062723c751e8b465ee728b)  -> (artifact id: 'e2cdd3562be63056dd5752def3968260') in 0.048520 seconds 
========================================================================
Received Import Request.
  Time since last request: 0.000023 seconds.
  path: Assets/Aekashics Librarium - Megapack III/Static/Front/Megapack III Undead Warrior Benkei.png
  artifactKey: Guid(36c422b9ec7a3164fb837dc110a89c14) Importer(815301076,1909f56bfc062723c751e8b465ee728b)
Start importing Assets/Aekashics Librarium - Megapack III/Static/Front/Megapack III Undead Warrior Benkei.png using Guid(36c422b9ec7a3164fb837dc110a89c14) Importer(815301076,1909f56bfc062723c751e8b465ee728b)  -> (artifact id: '105d8af28e9b4a51132c19c7f8a09f20') in 0.025239 seconds 
========================================================================
Received Import Request.
  Time since last request: 0.000020 seconds.
  path: Assets/Aekashics Librarium - Megapack III/Static/Front/Megapack III Black Iron Minotaur Beef.png
  artifactKey: Guid(c9167afd650254746a356272a61b3438) Importer(815301076,1909f56bfc062723c751e8b465ee728b)
Start importing Assets/Aekashics Librarium - Megapack III/Static/Front/Megapack III Black Iron Minotaur Beef.png using Guid(c9167afd650254746a356272a61b3438) Importer(815301076,1909f56bfc062723c751e8b465ee728b)  -> (artifact id: '87350476c5f7e86a1c46ca145b88ca94') in 0.046737 seconds 
========================================================================
Received Import Request.
  Time since last request: 0.000030 seconds.
  path: Assets/Aekashics Librarium - Megapack III/Static/Front/Megapack III Red Guard B.png
  artifactKey: Guid(1ee0179d1f9b0874693d43ddb6cdd811) Importer(815301076,1909f56bfc062723c751e8b465ee728b)
Start importing Assets/Aekashics Librarium - Megapack III/Static/Front/Megapack III Red Guard B.png using Guid(1ee0179d1f9b0874693d43ddb6cdd811) Importer(815301076,1909f56bfc062723c751e8b465ee728b)  -> (artifact id: '768e606d40b36ebf61c5dcfead153ce2') in 0.044140 seconds 
========================================================================
Received Import Request.
  Time since last request: 0.000026 seconds.
  path: Assets/Aekashics Librarium - Megapack III/Static/Front/Megapack III Fallen Kings King Of Dwarves Skor.png
  artifactKey: Guid(7750fc70c5e3fec47b59ceee22f6c926) Importer(815301076,1909f56bfc062723c751e8b465ee728b)
Start importing Assets/Aekashics Librarium - Megapack III/Static/Front/Megapack III Fallen Kings King Of Dwarves Skor.png using Guid(7750fc70c5e3fec47b59ceee22f6c926) Importer(815301076,1909f56bfc062723c751e8b465ee728b)  -> (artifact id: '07afbc974cb575425d4887db7e7aabb6') in 0.035221 seconds 
========================================================================
Received Import Request.
  Time since last request: 0.000109 seconds.
  path: Assets/Aekashics Librarium - Megapack III/Static/Front/Megapack III Cerberus Ptolemaios.png
  artifactKey: Guid(a02f1670c123920408878691900a2ddc) Importer(815301076,1909f56bfc062723c751e8b465ee728b)
Start importing Assets/Aekashics Librarium - Megapack III/Static/Front/Megapack III Cerberus Ptolemaios.png using Guid(a02f1670c123920408878691900a2ddc) Importer(815301076,1909f56bfc062723c751e8b465ee728b)  -> (artifact id: '8d9a80bd09b11f5ef7e362f22ee962fe') in 0.051926 seconds 
========================================================================
Received Import Request.
  Time since last request: 0.000034 seconds.
  path: Assets/Aekashics Librarium - Megapack III/Static/Front/Megapack III Red Guard C.png
  artifactKey: Guid(a32eb60562a87cc41b5a9248cf83bf8b) Importer(815301076,1909f56bfc062723c751e8b465ee728b)
Start importing Assets/Aekashics Librarium - Megapack III/Static/Front/Megapack III Red Guard C.png using Guid(a32eb60562a87cc41b5a9248cf83bf8b) Importer(815301076,1909f56bfc062723c751e8b465ee728b)  -> (artifact id: '62eac3ecc097a9296ac8b9ea452ef711') in 0.023985 seconds 
========================================================================
Received Import Request.
  Time since last request: 0.000025 seconds.
  path: Assets/Aekashics Librarium - Megapack III/Static/Front/Megpack III Fallen Kings Undead King Berthelot.png
  artifactKey: Guid(091b2135c0b86454296b372411772597) Importer(815301076,1909f56bfc062723c751e8b465ee728b)
Start importing Assets/Aekashics Librarium - Megapack III/Static/Front/Megpack III Fallen Kings Undead King Berthelot.png using Guid(091b2135c0b86454296b372411772597) Importer(815301076,1909f56bfc062723c751e8b465ee728b)  -> (artifact id: 'e66ecd738c5bc4de6f6387034093bd46') in 0.029678 seconds 
========================================================================
Received Import Request.
  Time since last request: 0.000039 seconds.
  path: Assets/Aekashics Librarium - Megapack III/Static/Front/Megapack III Red Guard A.png
  artifactKey: Guid(a814940e47504874d8027a860d5bc5e2) Importer(815301076,1909f56bfc062723c751e8b465ee728b)
Start importing Assets/Aekashics Librarium - Megapack III/Static/Front/Megapack III Red Guard A.png using Guid(a814940e47504874d8027a860d5bc5e2) Importer(815301076,1909f56bfc062723c751e8b465ee728b)  -> (artifact id: '4e8da04ac8116dbd2affbf06ff9a1033') in 0.030725 seconds 
Editor requested this worker to shutdown with reason: Scaling down because of idle timeout
AssetImportWorker is now disconnected from the server
Process exiting
Exiting without the bug reporter. Application will terminate with return code 0