Using pre-set license
Built from '2021.3/staging' branch; Version is '2021.3.1f1 (3b70a0754835) revision 3895456'; Using compiler version '192829333'; Build Type 'Release'
OS: 'Windows 10  (10.0.19044) 64bit CoreSingleLanguage' Language: 'en' Physical Memory: 7893 MB
BatchMode: 1, IsHumanControllingUs: 0, StartBugReporterOnCrash: 0, Is64bit: 1, IsPro: 1

COMMAND LINE ARGUMENTS:
C:\Program Files\Unity\Hub\Editor\2021.3.1f1\Editor\Unity.exe
-adb2
-batchMode
-noUpm
-name
AssetImportWorker5
-projectPath
D:/President University Life/PU 20198/Game Development/Finals
-logFile
Logs/AssetImportWorker5.log
-srvPort
62766
Successfully changed project path to: D:/President University Life/PU 20198/Game Development/Finals
D:/President University Life/PU 20198/Game Development/Finals
[UnityMemory] Configuration Parameters - Can be set up in boot.config
    "memorysetup-bucket-allocator-granularity=16"
    "memorysetup-bucket-allocator-bucket-count=8"
    "memorysetup-bucket-allocator-block-size=33554432"
    "memorysetup-bucket-allocator-block-count=8"
    "memorysetup-main-allocator-block-size=16777216"
    "memorysetup-thread-allocator-block-size=16777216"
    "memorysetup-gfx-main-allocator-block-size=16777216"
    "memorysetup-gfx-thread-allocator-block-size=16777216"
    "memorysetup-cache-allocator-block-size=4194304"
    "memorysetup-typetree-allocator-block-size=2097152"
    "memorysetup-profiler-bucket-allocator-granularity=16"
    "memorysetup-profiler-bucket-allocator-bucket-count=8"
    "memorysetup-profiler-bucket-allocator-block-size=33554432"
    "memorysetup-profiler-bucket-allocator-block-count=8"
    "memorysetup-profiler-allocator-block-size=16777216"
    "memorysetup-profiler-editor-allocator-block-size=1048576"
    "memorysetup-temp-allocator-size-main=16777216"
    "memorysetup-job-temp-allocator-block-size=2097152"
    "memorysetup-job-temp-allocator-block-size-background=1048576"
    "memorysetup-job-temp-allocator-reduction-small-platforms=262144"
    "memorysetup-temp-allocator-size-background-worker=32768"
    "memorysetup-temp-allocator-size-job-worker=262144"
    "memorysetup-temp-allocator-size-preload-manager=33554432"
    "memorysetup-temp-allocator-size-nav-mesh-worker=65536"
    "memorysetup-temp-allocator-size-audio-worker=65536"
    "memorysetup-temp-allocator-size-cloud-worker=32768"
    "memorysetup-temp-allocator-size-gi-baking-worker=262144"
    "memorysetup-temp-allocator-size-gfx=262144"
Refreshing native plugins compatible for Editor in 32.68 ms, found 2 plugins.
Preloading 0 native plugins for Editor in 0.00 ms.
Initialize engine version: 2021.3.1f1 (3b70a0754835)
[Subsystems] Discovering subsystems at path C:/Program Files/Unity/Hub/Editor/2021.3.1f1/Editor/Data/Resources/UnitySubsystems
[Subsystems] Discovering subsystems at path D:/President University Life/PU 20198/Game Development/Finals/Assets
GfxDevice: creating device client; threaded=0; jobified=0
Direct3D:
    Version:  Direct3D 11.0 [level 11.1]
    Renderer: NVIDIA GeForce RTX 3050 Laptop GPU (ID=0x25a5)
    Vendor:   NVIDIA
    VRAM:     3991 MB
    Driver:   27.21.14.6221
Initialize mono
Mono path[0] = 'C:/Program Files/Unity/Hub/Editor/2021.3.1f1/Editor/Data/Managed'
Mono path[1] = 'C:/Program Files/Unity/Hub/Editor/2021.3.1f1/Editor/Data/MonoBleedingEdge/lib/mono/unityjit-win32'
Mono config path = 'C:/Program Files/Unity/Hub/Editor/2021.3.1f1/Editor/Data/MonoBleedingEdge/etc'
Using monoOptions --debugger-agent=transport=dt_socket,embedding=1,server=y,suspend=n,address=127.0.0.1:56204
Begin MonoManager ReloadAssembly
Registering precompiled unity dll's ...
Register platform support module: C:/Program Files/Unity/Hub/Editor/2021.3.1f1/Editor/Data/PlaybackEngines/WindowsStandaloneSupport/UnityEditor.WindowsStandalone.Extensions.dll
Registered in 0.006321 seconds.
Native extension for WindowsStandalone target not found
Refreshing native plugins compatible for Editor in 30.61 ms, found 2 plugins.
Preloading 0 native plugins for Editor in 0.00 ms.
Mono: successfully reloaded assembly
- Completed reload, in  0.573 seconds
Domain Reload Profiling:
	ReloadAssembly (574ms)
		BeginReloadAssembly (88ms)
			ExecutionOrderSort (0ms)
			DisableScriptedObjects (0ms)
			BackupInstance (0ms)
			ReleaseScriptingObjects (0ms)
			CreateAndSetChildDomain (1ms)
		EndReloadAssembly (378ms)
			LoadAssemblies (85ms)
			RebuildTransferFunctionScriptingTraits (0ms)
			SetupTypeCache (100ms)
			ReleaseScriptCaches (0ms)
			RebuildScriptCaches (28ms)
			SetupLoadedEditorAssemblies (199ms)
				LogAssemblyErrors (0ms)
				InitializePlatformSupportModulesInManaged (7ms)
				SetLoadedEditorAssemblies (0ms)
				RefreshPlugins (31ms)
				BeforeProcessingInitializeOnLoad (1ms)
				ProcessInitializeOnLoadAttributes (115ms)
				ProcessInitializeOnLoadMethodAttributes (44ms)
				AfterProcessingInitializeOnLoad (0ms)
				EditorAssembliesLoaded (0ms)
			ExecutionOrderSort2 (0ms)
			AwakeInstancesAfterBackupRestoration (0ms)
Platform modules already initialized, skipping
Registering precompiled user dll's ...
Registered in 0.002929 seconds.
Begin MonoManager ReloadAssembly
Symbol file LoadedFromMemory is not a mono symbol file
Native extension for WindowsStandalone target not found
Refreshing native plugins compatible for Editor in 0.65 ms, found 2 plugins.
Preloading 0 native plugins for Editor in 0.00 ms.
Mono: successfully reloaded assembly
- Completed reload, in  0.915 seconds
Domain Reload Profiling:
	ReloadAssembly (916ms)
		BeginReloadAssembly (129ms)
			ExecutionOrderSort (0ms)
			DisableScriptedObjects (6ms)
			BackupInstance (0ms)
			ReleaseScriptingObjects (0ms)
			CreateAndSetChildDomain (25ms)
		EndReloadAssembly (680ms)
			LoadAssemblies (125ms)
			RebuildTransferFunctionScriptingTraits (0ms)
			SetupTypeCache (166ms)
			ReleaseScriptCaches (0ms)
			RebuildScriptCaches (57ms)
			SetupLoadedEditorAssemblies (292ms)
				LogAssemblyErrors (0ms)
				InitializePlatformSupportModulesInManaged (8ms)
				SetLoadedEditorAssemblies (1ms)
				RefreshPlugins (1ms)
				BeforeProcessingInitializeOnLoad (49ms)
				ProcessInitializeOnLoadAttributes (195ms)
				ProcessInitializeOnLoadMethodAttributes (30ms)
				AfterProcessingInitializeOnLoad (9ms)
				EditorAssembliesLoaded (0ms)
			ExecutionOrderSort2 (0ms)
			AwakeInstancesAfterBackupRestoration (8ms)
Platform modules already initialized, skipping
========================================================================
Worker process is ready to serve import requests
Launched and connected shader compiler UnityShaderCompiler.exe after 0.07 seconds
Refreshing native plugins compatible for Editor in 0.37 ms, found 2 plugins.
Preloading 0 native plugins for Editor in 0.00 ms.
Unloading 1580 Unused Serialized files (Serialized files now loaded: 0)
Unloading 16 unused Assets / (56.2 KB). Loaded Objects now: 2048.
Memory consumption went from 71.7 MB to 71.6 MB.
Total: 2.953700 ms (FindLiveObjects: 0.181700 ms CreateObjectMapping: 0.027800 ms MarkObjects: 2.657600 ms  DeleteObjects: 0.085200 ms)

AssetImportParameters requested are different than current active one (requested -> active):
  custom:video-decoder-ogg-theora: a1e56fd34408186e4bbccfd4996cb3dc -> 
  custom:container-muxer-webm: aa71ff27fc2769a1b78a27578f13a17b -> 
  custom:container-demuxer-webm: 4f35f7cbe854078d1ac9338744f61a02 -> 
  custom:video-encoder-webm-vp8: eb34c28f22e8b96e1ab97ce403110664 -> 
  custom:audio-encoder-webm-vorbis: bf7c407c2cedff20999df2af8eb42d56 -> 
  custom:framework-win-MediaFoundation: 216162199b28c13a410421893ffa2e32 -> 
  custom:container-demuxer-ogg: 62fdf1f143b41e24485cea50d1cbac27 -> 
  custom:video-decoder-webm-vp8: 9c59270c3fd7afecdb556c50c9e8de78 -> 
  custom:audio-decoder-ogg-vorbis: bf7c407c2cedff20999df2af8eb42d56 -> 
========================================================================
Received Import Request.
  Time since last request: 41509.144007 seconds.
  path: Assets/New TMP Color Gradient.asset
  artifactKey: Guid(8b6655d87859a4240bfe53bbb2a406fb) Importer(815301076,1909f56bfc062723c751e8b465ee728b)
Start importing Assets/New TMP Color Gradient.asset using Guid(8b6655d87859a4240bfe53bbb2a406fb) Importer(815301076,1909f56bfc062723c751e8b465ee728b)  -> (artifact id: '237b2842ef82840fa91e560862a81dbe') in 0.058479 seconds 
========================================================================
Received Import Request.
  Time since last request: 0.000016 seconds.
  path: Assets/LuckiestGuy-Regular.ttf
  artifactKey: Guid(ce7e9cf44b67411428cc789e4ad77f83) Importer(815301076,1909f56bfc062723c751e8b465ee728b)
Start importing Assets/LuckiestGuy-Regular.ttf using Guid(ce7e9cf44b67411428cc789e4ad77f83) Importer(815301076,1909f56bfc062723c751e8b465ee728b)  -> (artifact id: 'f45656578ee0595566ed0692863363b1') in 0.265758 seconds 
========================================================================
Received Prepare
Registering precompiled user dll's ...
Registered in 0.001747 seconds.
Begin MonoManager ReloadAssembly
Symbol file LoadedFromMemory is not a mono symbol file
Native extension for WindowsStandalone target not found
Refreshing native plugins compatible for Editor in 0.36 ms, found 2 plugins.
Preloading 0 native plugins for Editor in 0.00 ms.
Mono: successfully reloaded assembly
- Completed reload, in  0.864 seconds
Domain Reload Profiling:
	ReloadAssembly (865ms)
		BeginReloadAssembly (127ms)
			ExecutionOrderSort (0ms)
			DisableScriptedObjects (5ms)
			BackupInstance (0ms)
			ReleaseScriptingObjects (0ms)
			CreateAndSetChildDomain (28ms)
		EndReloadAssembly (628ms)
			LoadAssemblies (90ms)
			RebuildTransferFunctionScriptingTraits (0ms)
			SetupTypeCache (162ms)
			ReleaseScriptCaches (1ms)
			RebuildScriptCaches (40ms)
			SetupLoadedEditorAssemblies (291ms)
				LogAssemblyErrors (0ms)
				InitializePlatformSupportModulesInManaged (13ms)
				SetLoadedEditorAssemblies (0ms)
				RefreshPlugins (0ms)
				BeforeProcessingInitializeOnLoad (40ms)
				ProcessInitializeOnLoadAttributes (177ms)
				ProcessInitializeOnLoadMethodAttributes (47ms)
				AfterProcessingInitializeOnLoad (12ms)
				EditorAssembliesLoaded (1ms)
			ExecutionOrderSort2 (0ms)
			AwakeInstancesAfterBackupRestoration (16ms)
Platform modules already initialized, skipping
Refreshing native plugins compatible for Editor in 1.05 ms, found 2 plugins.
Preloading 0 native plugins for Editor in 0.00 ms.
Unloading 1561 Unused Serialized files (Serialized files now loaded: 0)
Unloading 9 unused Assets / (24.6 KB). Loaded Objects now: 2094.
Memory consumption went from 74.5 MB to 74.4 MB.
Total: 1.987700 ms (FindLiveObjects: 0.118800 ms CreateObjectMapping: 0.027700 ms MarkObjects: 1.829300 ms  DeleteObjects: 0.010900 ms)

AssetImportParameters requested are different than current active one (requested -> active):
  custom:video-decoder-ogg-theora: a1e56fd34408186e4bbccfd4996cb3dc -> 
  custom:container-muxer-webm: aa71ff27fc2769a1b78a27578f13a17b -> 
  custom:container-demuxer-webm: 4f35f7cbe854078d1ac9338744f61a02 -> 
  custom:video-encoder-webm-vp8: eb34c28f22e8b96e1ab97ce403110664 -> 
  custom:audio-encoder-webm-vorbis: bf7c407c2cedff20999df2af8eb42d56 -> 
  custom:framework-win-MediaFoundation: 216162199b28c13a410421893ffa2e32 -> 
  custom:container-demuxer-ogg: 62fdf1f143b41e24485cea50d1cbac27 -> 
  custom:video-decoder-webm-vp8: 9c59270c3fd7afecdb556c50c9e8de78 -> 
  custom:audio-decoder-ogg-vorbis: bf7c407c2cedff20999df2af8eb42d56 -> 
========================================================================
Received Prepare
Registering precompiled user dll's ...
Registered in 0.003015 seconds.
Begin MonoManager ReloadAssembly
Symbol file LoadedFromMemory is not a mono symbol file
Native extension for WindowsStandalone target not found
Refreshing native plugins compatible for Editor in 1.45 ms, found 2 plugins.
Preloading 0 native plugins for Editor in 0.00 ms.
Mono: successfully reloaded assembly
- Completed reload, in  0.878 seconds
Domain Reload Profiling:
	ReloadAssembly (879ms)
		BeginReloadAssembly (129ms)
			ExecutionOrderSort (0ms)
			DisableScriptedObjects (7ms)
			BackupInstance (0ms)
			ReleaseScriptingObjects (0ms)
			CreateAndSetChildDomain (26ms)
		EndReloadAssembly (641ms)
			LoadAssemblies (95ms)
			RebuildTransferFunctionScriptingTraits (0ms)
			SetupTypeCache (189ms)
			ReleaseScriptCaches (1ms)
			RebuildScriptCaches (38ms)
			SetupLoadedEditorAssemblies (286ms)
				LogAssemblyErrors (0ms)
				InitializePlatformSupportModulesInManaged (13ms)
				SetLoadedEditorAssemblies (0ms)
				RefreshPlugins (2ms)
				BeforeProcessingInitializeOnLoad (43ms)
				ProcessInitializeOnLoadAttributes (191ms)
				ProcessInitializeOnLoadMethodAttributes (29ms)
				AfterProcessingInitializeOnLoad (8ms)
				EditorAssembliesLoaded (0ms)
			ExecutionOrderSort2 (0ms)
			AwakeInstancesAfterBackupRestoration (8ms)
Platform modules already initialized, skipping
Refreshing native plugins compatible for Editor in 2.03 ms, found 2 plugins.
Preloading 0 native plugins for Editor in 0.00 ms.
Unloading 1561 Unused Serialized files (Serialized files now loaded: 0)
Unloading 9 unused Assets / (24.6 KB). Loaded Objects now: 2097.
Memory consumption went from 74.5 MB to 74.4 MB.
Total: 2.694100 ms (FindLiveObjects: 0.317700 ms CreateObjectMapping: 0.077200 ms MarkObjects: 2.284900 ms  DeleteObjects: 0.013000 ms)

AssetImportParameters requested are different than current active one (requested -> active):
  custom:video-decoder-ogg-theora: a1e56fd34408186e4bbccfd4996cb3dc -> 
  custom:container-muxer-webm: aa71ff27fc2769a1b78a27578f13a17b -> 
  custom:container-demuxer-webm: 4f35f7cbe854078d1ac9338744f61a02 -> 
  custom:video-encoder-webm-vp8: eb34c28f22e8b96e1ab97ce403110664 -> 
  custom:audio-encoder-webm-vorbis: bf7c407c2cedff20999df2af8eb42d56 -> 
  custom:framework-win-MediaFoundation: 216162199b28c13a410421893ffa2e32 -> 
  custom:container-demuxer-ogg: 62fdf1f143b41e24485cea50d1cbac27 -> 
  custom:video-decoder-webm-vp8: 9c59270c3fd7afecdb556c50c9e8de78 -> 
  custom:audio-decoder-ogg-vorbis: bf7c407c2cedff20999df2af8eb42d56 -> 
========================================================================
Received Prepare
Registering precompiled user dll's ...
Registered in 0.002570 seconds.
Begin MonoManager ReloadAssembly
Symbol file LoadedFromMemory is not a mono symbol file
Native extension for WindowsStandalone target not found
Refreshing native plugins compatible for Editor in 0.52 ms, found 2 plugins.
Preloading 0 native plugins for Editor in 0.00 ms.
Mono: successfully reloaded assembly
- Completed reload, in  0.965 seconds
Domain Reload Profiling:
	ReloadAssembly (966ms)
		BeginReloadAssembly (111ms)
			ExecutionOrderSort (0ms)
			DisableScriptedObjects (7ms)
			BackupInstance (0ms)
			ReleaseScriptingObjects (0ms)
			CreateAndSetChildDomain (27ms)
		EndReloadAssembly (732ms)
			LoadAssemblies (83ms)
			RebuildTransferFunctionScriptingTraits (0ms)
			SetupTypeCache (181ms)
			ReleaseScriptCaches (2ms)
			RebuildScriptCaches (57ms)
			SetupLoadedEditorAssemblies (346ms)
				LogAssemblyErrors (0ms)
				InitializePlatformSupportModulesInManaged (14ms)
				SetLoadedEditorAssemblies (1ms)
				RefreshPlugins (1ms)
				BeforeProcessingInitializeOnLoad (59ms)
				ProcessInitializeOnLoadAttributes (230ms)
				ProcessInitializeOnLoadMethodAttributes (32ms)
				AfterProcessingInitializeOnLoad (9ms)
				EditorAssembliesLoaded (0ms)
			ExecutionOrderSort2 (0ms)
			AwakeInstancesAfterBackupRestoration (7ms)
Platform modules already initialized, skipping
Refreshing native plugins compatible for Editor in 2.13 ms, found 2 plugins.
Preloading 0 native plugins for Editor in 0.00 ms.
Unloading 1561 Unused Serialized files (Serialized files now loaded: 0)
Unloading 9 unused Assets / (24.6 KB). Loaded Objects now: 2100.
Memory consumption went from 74.5 MB to 74.4 MB.
Total: 3.425100 ms (FindLiveObjects: 0.433200 ms CreateObjectMapping: 0.144200 ms MarkObjects: 2.831500 ms  DeleteObjects: 0.014700 ms)

AssetImportParameters requested are different than current active one (requested -> active):
  custom:video-decoder-ogg-theora: a1e56fd34408186e4bbccfd4996cb3dc -> 
  custom:container-muxer-webm: aa71ff27fc2769a1b78a27578f13a17b -> 
  custom:container-demuxer-webm: 4f35f7cbe854078d1ac9338744f61a02 -> 
  custom:video-encoder-webm-vp8: eb34c28f22e8b96e1ab97ce403110664 -> 
  custom:audio-encoder-webm-vorbis: bf7c407c2cedff20999df2af8eb42d56 -> 
  custom:framework-win-MediaFoundation: 216162199b28c13a410421893ffa2e32 -> 
  custom:container-demuxer-ogg: 62fdf1f143b41e24485cea50d1cbac27 -> 
  custom:video-decoder-webm-vp8: 9c59270c3fd7afecdb556c50c9e8de78 -> 
  custom:audio-decoder-ogg-vorbis: bf7c407c2cedff20999df2af8eb42d56 -> 
========================================================================
Received Import Request.
  Time since last request: 243.023903 seconds.
  path: Assets/Aekashics Librarium - Megapack III/Map Sprites/!$Skor.png
  artifactKey: Guid(98373b91900d13b4792cab3ec58fea21) Importer(815301076,1909f56bfc062723c751e8b465ee728b)
Start importing Assets/Aekashics Librarium - Megapack III/Map Sprites/!$Skor.png using Guid(98373b91900d13b4792cab3ec58fea21) Importer(815301076,1909f56bfc062723c751e8b465ee728b)  -> (artifact id: '7b49df008674a229fdc1c1e5561f25f3') in 0.073898 seconds 
========================================================================
Received Import Request.
  Time since last request: 0.000029 seconds.
  path: Assets/Aekashics Librarium - Megapack III/Map Sprites/KingsA.png
  artifactKey: Guid(499526b0c51e60e4ea4b1fd752c71972) Importer(815301076,1909f56bfc062723c751e8b465ee728b)
Start importing Assets/Aekashics Librarium - Megapack III/Map Sprites/KingsA.png using Guid(499526b0c51e60e4ea4b1fd752c71972) Importer(815301076,1909f56bfc062723c751e8b465ee728b)  -> (artifact id: '7a0a011c2016d8273d2aa5ece737a350') in 0.021037 seconds 
========================================================================
Received Import Request.
  Time since last request: 3.857268 seconds.
  path: Assets/Aekashics Librarium - Megapack III/Static/Side/Megapack III Behemoth.png
  artifactKey: Guid(caefc04feea250e4f8252b7f8bb3fb64) Importer(815301076,1909f56bfc062723c751e8b465ee728b)
Start importing Assets/Aekashics Librarium - Megapack III/Static/Side/Megapack III Behemoth.png using Guid(caefc04feea250e4f8252b7f8bb3fb64) Importer(815301076,1909f56bfc062723c751e8b465ee728b)  -> (artifact id: '788a217e0c856722eab38c5c8dd4f247') in 0.054068 seconds 
========================================================================
Received Import Request.
  Time since last request: 0.000028 seconds.
  path: Assets/Aekashics Librarium - Megapack III/Static/Side/Megapack III Hellhound Inferni.png
  artifactKey: Guid(95a81e11dab260e4491c1cb4d5f5ae54) Importer(815301076,1909f56bfc062723c751e8b465ee728b)
Start importing Assets/Aekashics Librarium - Megapack III/Static/Side/Megapack III Hellhound Inferni.png using Guid(95a81e11dab260e4491c1cb4d5f5ae54) Importer(815301076,1909f56bfc062723c751e8b465ee728b)  -> (artifact id: '3ce331f1d901733034d363ecc1f33541') in 0.039988 seconds 
========================================================================
Received Import Request.
  Time since last request: 0.000034 seconds.
  path: Assets/Aekashics Librarium - Megapack III/Static/Side/Megapack III Black Iron Minotaur Beef.png
  artifactKey: Guid(1ad136078bb640547a4e813899839458) Importer(815301076,1909f56bfc062723c751e8b465ee728b)
Start importing Assets/Aekashics Librarium - Megapack III/Static/Side/Megapack III Black Iron Minotaur Beef.png using Guid(1ad136078bb640547a4e813899839458) Importer(815301076,1909f56bfc062723c751e8b465ee728b)  -> (artifact id: '6bd25db22ea6cc4d8279af46908f523c') in 0.041550 seconds 
========================================================================
Received Import Request.
  Time since last request: 0.000085 seconds.
  path: Assets/Aekashics Librarium - Megapack III/Static/Side/Megapack III Fallen Kings King Of Dwarves Skor.png
  artifactKey: Guid(ed3f58326c0d27f48812f7c488fee474) Importer(815301076,1909f56bfc062723c751e8b465ee728b)
Start importing Assets/Aekashics Librarium - Megapack III/Static/Side/Megapack III Fallen Kings King Of Dwarves Skor.png using Guid(ed3f58326c0d27f48812f7c488fee474) Importer(815301076,1909f56bfc062723c751e8b465ee728b)  -> (artifact id: '1df92478928f93e753cbb0270277df6a') in 0.037762 seconds 
========================================================================
Received Import Request.
  Time since last request: 0.000030 seconds.
  path: Assets/Aekashics Librarium - Megapack III/Static/Side/Megapack III Red Guard B.png
  artifactKey: Guid(d26644f888a8c104ca3a2e13f11d0bd6) Importer(815301076,1909f56bfc062723c751e8b465ee728b)
Start importing Assets/Aekashics Librarium - Megapack III/Static/Side/Megapack III Red Guard B.png using Guid(d26644f888a8c104ca3a2e13f11d0bd6) Importer(815301076,1909f56bfc062723c751e8b465ee728b)  -> (artifact id: '849da61af41079709d94acb194f8bbaf') in 0.032186 seconds 
========================================================================
Received Import Request.
  Time since last request: 0.000025 seconds.
  path: Assets/Aekashics Librarium - Megapack III/Static/Side/Megapack III Elemental Lords Fire Lord.png
  artifactKey: Guid(6a114df6ce8152c4abf5e6fa79200920) Importer(815301076,1909f56bfc062723c751e8b465ee728b)
Start importing Assets/Aekashics Librarium - Megapack III/Static/Side/Megapack III Elemental Lords Fire Lord.png using Guid(6a114df6ce8152c4abf5e6fa79200920) Importer(815301076,1909f56bfc062723c751e8b465ee728b)  -> (artifact id: 'fdb3a43911ba69bb56a0d8373d9d8084') in 0.059612 seconds 
========================================================================
Received Import Request.
  Time since last request: 0.000032 seconds.
  path: Assets/Aekashics Librarium - Megapack III/Static/Side/Megapack III Void Gargoyle.png
  artifactKey: Guid(ed68e8f1c1e846542a14b2075f3caaf4) Importer(815301076,1909f56bfc062723c751e8b465ee728b)
Start importing Assets/Aekashics Librarium - Megapack III/Static/Side/Megapack III Void Gargoyle.png using Guid(ed68e8f1c1e846542a14b2075f3caaf4) Importer(815301076,1909f56bfc062723c751e8b465ee728b)  -> (artifact id: '34d0c8115de0b8e49dda621640538d3a') in 0.051544 seconds 
========================================================================
Received Import Request.
  Time since last request: 0.000070 seconds.
  path: Assets/Aekashics Librarium - Megapack III/Static/Side/Megapack III Zodiac Aries.png
  artifactKey: Guid(97e2e768e685b1347baaea39ec6a9cb8) Importer(815301076,1909f56bfc062723c751e8b465ee728b)
Start importing Assets/Aekashics Librarium - Megapack III/Static/Side/Megapack III Zodiac Aries.png using Guid(97e2e768e685b1347baaea39ec6a9cb8) Importer(815301076,1909f56bfc062723c751e8b465ee728b)  -> (artifact id: 'f6fdfcc8c9986817e589ebba8016c0fa') in 0.058181 seconds 
========================================================================
Received Import Request.
  Time since last request: 0.000089 seconds.
  path: Assets/Aekashics Librarium - Megapack III/Static/Side/Megapack III Elemental Lords Ice Maiden.png
  artifactKey: Guid(2e36d83ba3b89b246ab07f999208f954) Importer(815301076,1909f56bfc062723c751e8b465ee728b)
Start importing Assets/Aekashics Librarium - Megapack III/Static/Side/Megapack III Elemental Lords Ice Maiden.png using Guid(2e36d83ba3b89b246ab07f999208f954) Importer(815301076,1909f56bfc062723c751e8b465ee728b)  -> (artifact id: '5b4c5913cf3293837adaf6ba19072c12') in 0.049478 seconds 
========================================================================
Received Import Request.
  Time since last request: 0.858542 seconds.
  path: Assets/Aekashics Librarium - Megapack III/Static/Front/Megapack III Behemoth.png
  artifactKey: Guid(8d68bf6b48ccb7a4e833f51e08feec5c) Importer(815301076,1909f56bfc062723c751e8b465ee728b)
Start importing Assets/Aekashics Librarium - Megapack III/Static/Front/Megapack III Behemoth.png using Guid(8d68bf6b48ccb7a4e833f51e08feec5c) Importer(815301076,1909f56bfc062723c751e8b465ee728b)  -> (artifact id: 'ebe0ad92fc826f0337ed51b1cb3a7e5a') in 0.065989 seconds 
========================================================================
Received Import Request.
  Time since last request: 0.000057 seconds.
  path: Assets/Aekashics Librarium - Megapack III/Static/Front/Megapack III Elemental Lords Fire Lord.png
  artifactKey: Guid(37db3613ed51d024188d1cae32d3e59a) Importer(815301076,1909f56bfc062723c751e8b465ee728b)
Start importing Assets/Aekashics Librarium - Megapack III/Static/Front/Megapack III Elemental Lords Fire Lord.png using Guid(37db3613ed51d024188d1cae32d3e59a) Importer(815301076,1909f56bfc062723c751e8b465ee728b)  -> (artifact id: '71b18ee6b7ef7e9f101fde2ef70e4e31') in 0.055600 seconds 
========================================================================
Received Import Request.
  Time since last request: 0.000018 seconds.
  path: Assets/Aekashics Librarium - Megapack III/Static/Front/Megapack III Undead Warrior Benkei.png
  artifactKey: Guid(36c422b9ec7a3164fb837dc110a89c14) Importer(815301076,1909f56bfc062723c751e8b465ee728b)
Start importing Assets/Aekashics Librarium - Megapack III/Static/Front/Megapack III Undead Warrior Benkei.png using Guid(36c422b9ec7a3164fb837dc110a89c14) Importer(815301076,1909f56bfc062723c751e8b465ee728b)  -> (artifact id: '105d8af28e9b4a51132c19c7f8a09f20') in 0.027726 seconds 
========================================================================
Received Import Request.
  Time since last request: 0.000038 seconds.
  path: Assets/Aekashics Librarium - Megapack III/Static/Front/Megapack III Black Iron Minotaur Beef.png
  artifactKey: Guid(c9167afd650254746a356272a61b3438) Importer(815301076,1909f56bfc062723c751e8b465ee728b)
Start importing Assets/Aekashics Librarium - Megapack III/Static/Front/Megapack III Black Iron Minotaur Beef.png using Guid(c9167afd650254746a356272a61b3438) Importer(815301076,1909f56bfc062723c751e8b465ee728b)  -> (artifact id: '87350476c5f7e86a1c46ca145b88ca94') in 0.049496 seconds 
========================================================================
Received Import Request.
  Time since last request: 0.000204 seconds.
  path: Assets/Aekashics Librarium - Megapack III/Static/Front/Megapack III Red Guard B.png
  artifactKey: Guid(1ee0179d1f9b0874693d43ddb6cdd811) Importer(815301076,1909f56bfc062723c751e8b465ee728b)
Start importing Assets/Aekashics Librarium - Megapack III/Static/Front/Megapack III Red Guard B.png using Guid(1ee0179d1f9b0874693d43ddb6cdd811) Importer(815301076,1909f56bfc062723c751e8b465ee728b)  -> (artifact id: '768e606d40b36ebf61c5dcfead153ce2') in 0.032944 seconds 
========================================================================
Received Import Request.
  Time since last request: 0.000029 seconds.
  path: Assets/Aekashics Librarium - Megapack III/Static/Front/Megapack III Fallen Kings King Of Dwarves Skor.png
  artifactKey: Guid(7750fc70c5e3fec47b59ceee22f6c926) Importer(815301076,1909f56bfc062723c751e8b465ee728b)
Start importing Assets/Aekashics Librarium - Megapack III/Static/Front/Megapack III Fallen Kings King Of Dwarves Skor.png using Guid(7750fc70c5e3fec47b59ceee22f6c926) Importer(815301076,1909f56bfc062723c751e8b465ee728b)  -> (artifact id: '07afbc974cb575425d4887db7e7aabb6') in 0.029188 seconds 
========================================================================
Received Import Request.
  Time since last request: 0.000028 seconds.
  path: Assets/Aekashics Librarium - Megapack III/Static/Front/Megapack III Cerberus Ptolemaios.png
  artifactKey: Guid(a02f1670c123920408878691900a2ddc) Importer(815301076,1909f56bfc062723c751e8b465ee728b)
Start importing Assets/Aekashics Librarium - Megapack III/Static/Front/Megapack III Cerberus Ptolemaios.png using Guid(a02f1670c123920408878691900a2ddc) Importer(815301076,1909f56bfc062723c751e8b465ee728b)  -> (artifact id: '8d9a80bd09b11f5ef7e362f22ee962fe') in 0.044680 seconds 
========================================================================
Received Import Request.
  Time since last request: 0.000034 seconds.
  path: Assets/Aekashics Librarium - Megapack III/Static/Front/Megapack III Fallen Kings King Of Giants Goken.png
  artifactKey: Guid(b1b6cd174ae30b940bd7870bae069132) Importer(815301076,1909f56bfc062723c751e8b465ee728b)
Start importing Assets/Aekashics Librarium - Megapack III/Static/Front/Megapack III Fallen Kings King Of Giants Goken.png using Guid(b1b6cd174ae30b940bd7870bae069132) Importer(815301076,1909f56bfc062723c751e8b465ee728b)  -> (artifact id: '6f40eaf16bec24ec988710114e9229c1') in 0.055408 seconds 
========================================================================
Received Import Request.
  Time since last request: 0.000033 seconds.
  path: Assets/Aekashics Librarium - Megapack III/Static/Front/Megapack III Dragonslayer Dwarf.png
  artifactKey: Guid(f34469d454278ad43868661ccd440325) Importer(815301076,1909f56bfc062723c751e8b465ee728b)
Start importing Assets/Aekashics Librarium - Megapack III/Static/Front/Megapack III Dragonslayer Dwarf.png using Guid(f34469d454278ad43868661ccd440325) Importer(815301076,1909f56bfc062723c751e8b465ee728b)  -> (artifact id: 'e3b83e935c9a2f8362472931e4e5b14f') in 0.028710 seconds 
========================================================================
Received Import Request.
  Time since last request: 0.000018 seconds.
  path: Assets/Aekashics Librarium - Megapack III/Static/Front/Megapack III Fallen Kings King Of Elves Dreyel.png
  artifactKey: Guid(6a964007a3276914290a500d00b04763) Importer(815301076,1909f56bfc062723c751e8b465ee728b)
Start importing Assets/Aekashics Librarium - Megapack III/Static/Front/Megapack III Fallen Kings King Of Elves Dreyel.png using Guid(6a964007a3276914290a500d00b04763) Importer(815301076,1909f56bfc062723c751e8b465ee728b)  -> (artifact id: 'f4f9c4bb3fed349faa2c4ea95529d54a') in 0.026326 seconds 
Editor requested this worker to shutdown with reason: Scaling down because of idle timeout
AssetImportWorker is now disconnected from the server
Process exiting
Exiting without the bug reporter. Application will terminate with return code 0